*****************************************************************
Creating a file release for xCellerator ...
Release version = 095-05-Jan-2016-1430
Creating temporary working directories ...
current working directory is /home/mathman/code/cellerator/xlr8r
mkdir: created directory ‘temporary-directory’
mkdir: created directory ‘temporary-directory/source’
mkdir: created directory ‘temporary-directory/install’
mkdir: created directory ‘temporary-directory/plugins’
mkdir: created directory ‘temporary-directory/doc’

Copying informational files ...

‘gpl.txt’ -> ‘temporary-directory/gpl.txt’
‘license.txt’ -> ‘temporary-directory/license.txt’
‘tempver.txt’ -> ‘temporary-directory/tempver.txt’
‘version.txt’ -> ‘temporary-directory/version.txt’
‘tempver.txt’ -> ‘temporary-directory/version.txt’
‘README’ -> ‘temporary-directory/README’
‘installer.nb’ -> ‘temporary-directory/installer.nb’

Copying application files ...

‘xlr8r.nb’ -> ‘temporary-directory/source/xlr8r.nb’
‘xlr8r.m’ -> ‘temporary-directory/install/xlr8r.m’
Copying palette files ...

‘BuildNewPalettes.nb’ -> ‘temporary-directory/source/BuildNewPalettes.nb’
‘xCelleratorPalette.nb’ -> ‘temporary-directory/install/xCelleratorPalette.nb’
‘xCelleratorCascadePalette.nb’ -> ‘temporary-directory/install/xCelleratorCascadePalette.nb’
‘../MathSBML/MathSBML-Computation.nb’ -> ‘temporary-directory/MathSBML/source/MathSBML-Computation.nb’
‘../MathSBML/MathSBML-Help.nb’ -> ‘temporary-directory/MathSBML/source/MathSBML-Help.nb’
‘../MathSBML/MathSBML-Level1-Predefined.nb’ -> ‘temporary-directory/MathSBML/source/MathSBML-Level1-Predefined.nb’
‘../MathSBML/MathSBML-Level2.nb’ -> ‘temporary-directory/MathSBML/source/MathSBML-Level2.nb’
‘../MathSBML/MathSBML-MathML.nb’ -> ‘temporary-directory/MathSBML/source/MathSBML-MathML.nb’
‘../MathSBML/MathSBML-ModelBuilder.nb’ -> ‘temporary-directory/MathSBML/source/MathSBML-ModelBuilder.nb’
‘../MathSBML/MathSBML-Public.nb’ -> ‘temporary-directory/MathSBML/source/MathSBML-Public.nb’
‘../MathSBML/MathSBML-SBMLWrite-Special-Formats.nb’ -> ‘temporary-directory/MathSBML/source/MathSBML-SBMLWrite-Special-Formats.nb’
‘../MathSBML/MathSBML-Simulation.nb’ -> ‘temporary-directory/MathSBML/source/MathSBML-Simulation.nb’
‘../MathSBML/MathSBML-Utilities.nb’ -> ‘temporary-directory/MathSBML/source/MathSBML-Utilities.nb’
‘../MathSBML/MathSBML-Visualization.nb’ -> ‘temporary-directory/MathSBML/source/MathSBML-Visualization.nb’
‘../MathSBML/MathSBML.nb’ -> ‘temporary-directory/MathSBML/source/MathSBML.nb’
‘../MathSBML/MathSBML-Computation.m’ -> ‘temporary-directory/MathSBML/install/MathSBML-Computation.m’
‘../MathSBML/MathSBML-Help.m’ -> ‘temporary-directory/MathSBML/install/MathSBML-Help.m’
‘../MathSBML/MathSBML-Level1-Predefined.m’ -> ‘temporary-directory/MathSBML/install/MathSBML-Level1-Predefined.m’
‘../MathSBML/MathSBML-Level2.m’ -> ‘temporary-directory/MathSBML/install/MathSBML-Level2.m’
‘../MathSBML/MathSBML-MathML.m’ -> ‘temporary-directory/MathSBML/install/MathSBML-MathML.m’
‘../MathSBML/MathSBML-ModelBuilder.m’ -> ‘temporary-directory/MathSBML/install/MathSBML-ModelBuilder.m’
‘../MathSBML/MathSBML-Public.m’ -> ‘temporary-directory/MathSBML/install/MathSBML-Public.m’
‘../MathSBML/MathSBML-SBMLWrite-Special-Formats.m’ -> ‘temporary-directory/MathSBML/install/MathSBML-SBMLWrite-Special-Formats.m’
‘../MathSBML/MathSBML-Simulation.m’ -> ‘temporary-directory/MathSBML/install/MathSBML-Simulation.m’
‘../MathSBML/MathSBML-Utilities.m’ -> ‘temporary-directory/MathSBML/install/MathSBML-Utilities.m’
‘../MathSBML/MathSBML-Visualization.m’ -> ‘temporary-directory/MathSBML/install/MathSBML-Visualization.m’
‘../MathSBML/MathSBML.m’ -> ‘temporary-directory/MathSBML/install/MathSBML.m’

Copying Plugins ...

‘../kmech/kMech.m’ -> ‘temporary-directory/plugins/kMech.m’
‘../kmech/kMech.nb’ -> ‘temporary-directory/source/kMech.nb’
‘../cellzilla/Cellzilla2D.m’ -> ‘temporary-directory/plugins/Cellzilla2D.m’
‘../cellzilla/Cellzilla2D.nb’ -> ‘temporary-directory/source/Cellzilla2D.nb’
‘../xSSAlite/xSSAlite.m’ -> ‘temporary-directory/plugins/xSSAlite.m’
‘../xSSAlite/xSSAlite.nb’ -> ‘temporary-directory/source/xSSAlite.nb’
‘../xSSAlite/Build-xSSAlite-Palette.nb’ -> ‘temporary-directory/source/Build-xSSAlite-Palette.nb’
‘../xSSAlite/xSSAlite-Palette.nb’ -> ‘temporary-directory/plugins/xSSAlite-Palette.nb’
‘../SBML2xlr8r/SBML2xlr8r.m’ -> ‘temporary-directory/plugins/SBML2xlr8r.m’
‘../SBML2xlr8r/SBML2xlr8r.nb’ -> ‘temporary-directory/source/SBML2xlr8r.nb’
‘../xlr8r2sbml/xlr8r2SBML.m’ -> ‘temporary-directory/plugins/xlr8r2SBML.m’
‘../xlr8r2sbml/xlr8r2SBML.nb’ -> ‘temporary-directory/source/xlr8r2SBML.nb’
‘../CelleratorML/CelleratorML.m’ -> ‘temporary-directory/plugins/CelleratorML.m’
‘../CelleratorML/CelleratorML.nb’ -> ‘temporary-directory/source/CelleratorML.nb’

Copying documentation for xlr8r ...

Creating Archives ...
Zip File --> xCellerator-095-05-Jan-2016-1430.zip
zipping File ...
