xCellerator Installation Log Wed 3 Apr 2024 15:07:57
13.3.1 for Mac OS X ARM (64-bit) (July 24, 2023)
Installing /Users/erock/Downloads/xCellerator-Basic-090-Build-121015-1001-2/applications/kMech.m --> /Users/erock/Library/Mathematica/Applications/kMech.m
Installed/Users/erock/Downloads/xCellerator-Basic-090-Build-121015-1001-2/applications/kMech.m --> /Users/erock/Library/Mathematica/Applications
===============================Installing /Users/erock/Downloads/xCellerator-Basic-090-Build-121015-1001-2/applications/MathSBML-Computation.m --> /Users/erock/Library/Mathematica/Applications/MathSBML-Computation.m
Installed/Users/erock/Downloads/xCellerator-Basic-090-Build-121015-1001-2/applications/MathSBML-Computation.m --> /Users/erock/Library/Mathematica/Applications
===============================Installing /Users/erock/Downloads/xCellerator-Basic-090-Build-121015-1001-2/applications/MathSBML-Help.m --> /Users/erock/Library/Mathematica/Applications/MathSBML-Help.m
Installed/Users/erock/Downloads/xCellerator-Basic-090-Build-121015-1001-2/applications/MathSBML-Help.m --> /Users/erock/Library/Mathematica/Applications
===============================Installing /Users/erock/Downloads/xCellerator-Basic-090-Build-121015-1001-2/applications/MathSBML-Level1-Predefined.m --> /Users/erock/Library/Mathematica/Applications/MathSBML-Level1-Predefined.m
Installed/Users/erock/Downloads/xCellerator-Basic-090-Build-121015-1001-2/applications/MathSBML-Level1-Predefined.m --> /Users/erock/Library/Mathematica/Applications
===============================Installing /Users/erock/Downloads/xCellerator-Basic-090-Build-121015-1001-2/applications/MathSBML-Level2.m --> /Users/erock/Library/Mathematica/Applications/MathSBML-Level2.m
Installed/Users/erock/Downloads/xCellerator-Basic-090-Build-121015-1001-2/applications/MathSBML-Level2.m --> /Users/erock/Library/Mathematica/Applications
===============================Installing /Users/erock/Downloads/xCellerator-Basic-090-Build-121015-1001-2/applications/MathSBML.m --> /Users/erock/Library/Mathematica/Applications/MathSBML.m
Installed/Users/erock/Downloads/xCellerator-Basic-090-Build-121015-1001-2/applications/MathSBML.m --> /Users/erock/Library/Mathematica/Applications
===============================Installing /Users/erock/Downloads/xCellerator-Basic-090-Build-121015-1001-2/applications/MathSBML-MathML.m --> /Users/erock/Library/Mathematica/Applications/MathSBML-MathML.m
Installed/Users/erock/Downloads/xCellerator-Basic-090-Build-121015-1001-2/applications/MathSBML-MathML.m --> /Users/erock/Library/Mathematica/Applications
===============================Installing /Users/erock/Downloads/xCellerator-Basic-090-Build-121015-1001-2/applications/MathSBML-ModelBuilder.m --> /Users/erock/Library/Mathematica/Applications/MathSBML-ModelBuilder.m
Installed/Users/erock/Downloads/xCellerator-Basic-090-Build-121015-1001-2/applications/MathSBML-ModelBuilder.m --> /Users/erock/Library/Mathematica/Applications
===============================Installing /Users/erock/Downloads/xCellerator-Basic-090-Build-121015-1001-2/applications/MathSBML-Public.m --> /Users/erock/Library/Mathematica/Applications/MathSBML-Public.m
Installed/Users/erock/Downloads/xCellerator-Basic-090-Build-121015-1001-2/applications/MathSBML-Public.m --> /Users/erock/Library/Mathematica/Applications
===============================Installing /Users/erock/Downloads/xCellerator-Basic-090-Build-121015-1001-2/applications/MathSBML-SBMLWrite-Special-Formats.m --> /Users/erock/Library/Mathematica/Applications/MathSBML-SBMLWrite-Special-Formats.m
Installed/Users/erock/Downloads/xCellerator-Basic-090-Build-121015-1001-2/applications/MathSBML-SBMLWrite-Special-Formats.m --> /Users/erock/Library/Mathematica/Applications
===============================Installing /Users/erock/Downloads/xCellerator-Basic-090-Build-121015-1001-2/applications/MathSBML-Simulation.m --> /Users/erock/Library/Mathematica/Applications/MathSBML-Simulation.m
Installed/Users/erock/Downloads/xCellerator-Basic-090-Build-121015-1001-2/applications/MathSBML-Simulation.m --> /Users/erock/Library/Mathematica/Applications
===============================Installing /Users/erock/Downloads/xCellerator-Basic-090-Build-121015-1001-2/applications/MathSBML-Utilities.m --> /Users/erock/Library/Mathematica/Applications/MathSBML-Utilities.m
Installed/Users/erock/Downloads/xCellerator-Basic-090-Build-121015-1001-2/applications/MathSBML-Utilities.m --> /Users/erock/Library/Mathematica/Applications
===============================Installing /Users/erock/Downloads/xCellerator-Basic-090-Build-121015-1001-2/applications/MathSBML-Visualization.m --> /Users/erock/Library/Mathematica/Applications/MathSBML-Visualization.m
Installed/Users/erock/Downloads/xCellerator-Basic-090-Build-121015-1001-2/applications/MathSBML-Visualization.m --> /Users/erock/Library/Mathematica/Applications
===============================Installing /Users/erock/Downloads/xCellerator-Basic-090-Build-121015-1001-2/applications/xlr8r.m --> /Users/erock/Library/Mathematica/Applications/xlr8r.m
Installed/Users/erock/Downloads/xCellerator-Basic-090-Build-121015-1001-2/applications/xlr8r.m --> /Users/erock/Library/Mathematica/Applications
===============================Installing /Users/erock/Downloads/xCellerator-Basic-090-Build-121015-1001-2/applications/xSSAlite.m --> /Users/erock/Library/Mathematica/Applications/xSSAlite.m
Installed/Users/erock/Downloads/xCellerator-Basic-090-Build-121015-1001-2/applications/xSSAlite.m --> /Users/erock/Library/Mathematica/Applications
===============================Installing /Users/erock/Downloads/xCellerator-Basic-090-Build-121015-1001-2/palettes/xCelleratorCascadePalette.nb --> /Users/erock/Library/Mathematica/SystemFiles/FrontEnd/Palettes/xCelleratorCascadePalette.nb
Installed/Users/erock/Downloads/xCellerator-Basic-090-Build-121015-1001-2/palettes/xCelleratorCascadePalette.nb --> /Users/erock/Library/Mathematica/SystemFiles/FrontEnd/Palettes/
===============================Installing /Users/erock/Downloads/xCellerator-Basic-090-Build-121015-1001-2/palettes/xCelleratorPalette.nb --> /Users/erock/Library/Mathematica/SystemFiles/FrontEnd/Palettes/xCelleratorPalette.nb
Installed/Users/erock/Downloads/xCellerator-Basic-090-Build-121015-1001-2/palettes/xCelleratorPalette.nb --> /Users/erock/Library/Mathematica/SystemFiles/FrontEnd/Palettes/
===============================Installing /Users/erock/Downloads/xCellerator-Basic-090-Build-121015-1001-2/palettes/xSSAlite-Palette.nb --> /Users/erock/Library/Mathematica/SystemFiles/FrontEnd/Palettes/xSSAlite-Palette.nb
Installed/Users/erock/Downloads/xCellerator-Basic-090-Build-121015-1001-2/palettes/xSSAlite-Palette.nb --> /Users/erock/Library/Mathematica/SystemFiles/FrontEnd/Palettes/
===============================