*****************************************************************
Creating a file release for xSSAlite ...
Release version = 1.3.2-05-Jan-2016-1419
current working directory is /home/mathman/code/cellerator/xSSAlite

Creating temporary working directories ...

mkdir: created directory ‘temporary-directory’
mkdir: created directory ‘temporary-directory/temp’

Adding basic files ...

‘tempver.txt’ -> ‘temporary-directory/version.txt’
‘tempver.txt’ -> ‘temporary-directory/temp/version.txt’
‘xSSAlite.nb’ -> ‘temporary-directory/temp/source/xSSAlite.nb’
‘Build-xSSAlite-Palette.nb’ -> ‘temporary-directory/temp/source/Build-xSSAlite-Palette.nb’
‘Examples.nb’ -> ‘temporary-directory/temp/source/Examples.nb’
‘xSSAlite-Palette.nb’ -> ‘temporary-directory/temp/install/xSSAlite-Palette.nb’
‘xSSAlite.m’ -> ‘temporary-directory/temp/install/xSSAlite.m’
‘gpl.txt’ -> ‘temporary-directory/temp/gpl.txt’
‘license.txt’ -> ‘temporary-directory/temp/license.txt’
‘html’ -> ‘temporary-directory/temp/html’
‘html/FAQS.html’ -> ‘temporary-directory/temp/html/FAQS.html’
‘html/examples’ -> ‘temporary-directory/temp/html/examples’
‘html/examples/XLR8RtoSSA-example.nb’ -> ‘temporary-directory/temp/html/examples/XLR8RtoSSA-example.nb’
‘html/examples/SSAPlot-example.nb.zip’ -> ‘temporary-directory/temp/html/examples/SSAPlot-example.nb.zip’
‘html/examples/SSAPlot-example.nb.zip/SSAPlot-example.nb’ -> ‘temporary-directory/temp/html/examples/SSAPlot-example.nb.zip/SSAPlot-example.nb’
‘html/examples/SSAMean-example.nb.zip’ -> ‘temporary-directory/temp/html/examples/SSAMean-example.nb.zip’
‘html/examples/SSAMean-example.nb.zip/SSAMean-example.nb’ -> ‘temporary-directory/temp/html/examples/SSAMean-example.nb.zip/SSAMean-example.nb’
‘html/examples/SSALinePlot-example.nb’ -> ‘temporary-directory/temp/html/examples/SSALinePlot-example.nb’
‘html/examples/SSAtoXLR8R-example.htm’ -> ‘temporary-directory/temp/html/examples/SSAtoXLR8R-example.htm’
‘html/examples/ExpandReactions-example.nb.zip’ -> ‘temporary-directory/temp/html/examples/ExpandReactions-example.nb.zip’
‘html/examples/ExpandReactions-example.nb.zip/ExpandReactions-example.nb’ -> ‘temporary-directory/temp/html/examples/ExpandReactions-example.nb.zip/ExpandReactions-example.nb’
‘html/examples/Examples.nb.zip’ -> ‘temporary-directory/temp/html/examples/Examples.nb.zip’
‘html/examples/Examples.nb.zip/Examples.nb’ -> ‘temporary-directory/temp/html/examples/Examples.nb.zip/Examples.nb’
‘html/examples/SSAMean-example.nb’ -> ‘temporary-directory/temp/html/examples/SSAMean-example.nb’
‘html/examples/PlotStats-example.nb.zip’ -> ‘temporary-directory/temp/html/examples/PlotStats-example.nb.zip’
‘html/examples/PlotStats-example.nb.zip/PlotStats-example.nb’ -> ‘temporary-directory/temp/html/examples/PlotStats-example.nb.zip/PlotStats-example.nb’
‘html/examples/HTMLFiles’ -> ‘temporary-directory/temp/html/examples/HTMLFiles’
‘html/examples/HTMLFiles/SSA-example_12.gif’ -> ‘temporary-directory/temp/html/examples/HTMLFiles/SSA-example_12.gif’
‘html/examples/HTMLFiles/UmbralHillFunction-example_3.gif’ -> ‘temporary-directory/temp/html/examples/HTMLFiles/UmbralHillFunction-example_3.gif’
‘html/examples/HTMLFiles/SSAPlot-example_6.gif’ -> ‘temporary-directory/temp/html/examples/HTMLFiles/SSAPlot-example_6.gif’
‘html/examples/HTMLFiles/SSAMean-example_6.gif’ -> ‘temporary-directory/temp/html/examples/HTMLFiles/SSAMean-example_6.gif’
‘html/examples/HTMLFiles/sHill-example_8.gif’ -> ‘temporary-directory/temp/html/examples/HTMLFiles/sHill-example_8.gif’
‘html/examples/HTMLFiles/sMWC-example_2.gif’ -> ‘temporary-directory/temp/html/examples/HTMLFiles/sMWC-example_2.gif’
‘html/examples/HTMLFiles/SSAMean-example_8.gif’ -> ‘temporary-directory/temp/html/examples/HTMLFiles/SSAMean-example_8.gif’
‘html/examples/HTMLFiles/SSAtoXLR8R-example_12.gif’ -> ‘temporary-directory/temp/html/examples/HTMLFiles/SSAtoXLR8R-example_12.gif’
‘html/examples/HTMLFiles/XLR8RtoSSA-example_2.gif’ -> ‘temporary-directory/temp/html/examples/HTMLFiles/XLR8RtoSSA-example_2.gif’
‘html/examples/HTMLFiles/sMWC-example_5.gif’ -> ‘temporary-directory/temp/html/examples/HTMLFiles/sMWC-example_5.gif’
‘html/examples/HTMLFiles/SSAPlot-example_5.gif’ -> ‘temporary-directory/temp/html/examples/HTMLFiles/SSAPlot-example_5.gif’
‘html/examples/HTMLFiles/SSADotPlot-example_1.gif’ -> ‘temporary-directory/temp/html/examples/HTMLFiles/SSADotPlot-example_1.gif’
‘html/examples/HTMLFiles/Examples_25.gif’ -> ‘temporary-directory/temp/html/examples/HTMLFiles/Examples_25.gif’
‘html/examples/HTMLFiles/sMWC-example_4.gif’ -> ‘temporary-directory/temp/html/examples/HTMLFiles/sMWC-example_4.gif’
‘html/examples/HTMLFiles/SSA-example_5.gif’ -> ‘temporary-directory/temp/html/examples/HTMLFiles/SSA-example_5.gif’
‘html/examples/HTMLFiles/Examples_44.gif’ -> ‘temporary-directory/temp/html/examples/HTMLFiles/Examples_44.gif’
‘html/examples/HTMLFiles/LogisticFunction-example_6.gif’ -> ‘temporary-directory/temp/html/examples/HTMLFiles/LogisticFunction-example_6.gif’
‘html/examples/HTMLFiles/Examples_9.gif’ -> ‘temporary-directory/temp/html/examples/HTMLFiles/Examples_9.gif’
‘html/examples/HTMLFiles/MWCFunction-example_1.gif’ -> ‘temporary-directory/temp/html/examples/HTMLFiles/MWCFunction-example_1.gif’
‘html/examples/HTMLFiles/SSA-example_7.gif’ -> ‘temporary-directory/temp/html/examples/HTMLFiles/SSA-example_7.gif’
‘html/examples/HTMLFiles/Examples_16.gif’ -> ‘temporary-directory/temp/html/examples/HTMLFiles/Examples_16.gif’
‘html/examples/HTMLFiles/SSAFit-example_1.gif’ -> ‘temporary-directory/temp/html/examples/HTMLFiles/SSAFit-example_1.gif’
‘html/examples/HTMLFiles/UmbralLogisticFunction-example_9.gif’ -> ‘temporary-directory/temp/html/examples/HTMLFiles/UmbralLogisticFunction-example_9.gif’
‘html/examples/HTMLFiles/SSADotPlot-example_4.gif’ -> ‘temporary-directory/temp/html/examples/HTMLFiles/SSADotPlot-example_4.gif’
‘html/examples/HTMLFiles/SSAPlot-example_1.gif’ -> ‘temporary-directory/temp/html/examples/HTMLFiles/SSAPlot-example_1.gif’
‘html/examples/HTMLFiles/SSAPlot-example.css’ -> ‘temporary-directory/temp/html/examples/HTMLFiles/SSAPlot-example.css’
‘html/examples/HTMLFiles/SSAGet-example_20.gif’ -> ‘temporary-directory/temp/html/examples/HTMLFiles/SSAGet-example_20.gif’
‘html/examples/HTMLFiles/SSA-example_13.gif’ -> ‘temporary-directory/temp/html/examples/HTMLFiles/SSA-example_13.gif’
‘html/examples/HTMLFiles/UmbralLogisticFunction-example_3.gif’ -> ‘temporary-directory/temp/html/examples/HTMLFiles/UmbralLogisticFunction-example_3.gif’
‘html/examples/HTMLFiles/SSAMean-example_9.gif’ -> ‘temporary-directory/temp/html/examples/HTMLFiles/SSAMean-example_9.gif’
‘html/examples/HTMLFiles/SSAFit-example_3.gif’ -> ‘temporary-directory/temp/html/examples/HTMLFiles/SSAFit-example_3.gif’
‘html/examples/HTMLFiles/sMMH-example_5.gif’ -> ‘temporary-directory/temp/html/examples/HTMLFiles/sMMH-example_5.gif’
‘html/examples/HTMLFiles/SSA-example_16.gif’ -> ‘temporary-directory/temp/html/examples/HTMLFiles/SSA-example_16.gif’
‘html/examples/HTMLFiles/Examples_15.gif’ -> ‘temporary-directory/temp/html/examples/HTMLFiles/Examples_15.gif’
‘html/examples/HTMLFiles/SSA-example_20.gif’ -> ‘temporary-directory/temp/html/examples/HTMLFiles/SSA-example_20.gif’
‘html/examples/HTMLFiles/SSAGet-example_12.gif’ -> ‘temporary-directory/temp/html/examples/HTMLFiles/SSAGet-example_12.gif’
‘html/examples/HTMLFiles/UmbralHillFunction-example_8.gif’ -> ‘temporary-directory/temp/html/examples/HTMLFiles/UmbralHillFunction-example_8.gif’
‘html/examples/HTMLFiles/Examples_50.gif’ -> ‘temporary-directory/temp/html/examples/HTMLFiles/Examples_50.gif’
‘html/examples/HTMLFiles/PlotStats-example_6.gif’ -> ‘temporary-directory/temp/html/examples/HTMLFiles/PlotStats-example_6.gif’
‘html/examples/HTMLFiles/ExpandReactions-example_3.gif’ -> ‘temporary-directory/temp/html/examples/HTMLFiles/ExpandReactions-example_3.gif’
‘html/examples/HTMLFiles/Examples_53.gif’ -> ‘temporary-directory/temp/html/examples/HTMLFiles/Examples_53.gif’
‘html/examples/HTMLFiles/SSAMean-example_1.gif’ -> ‘temporary-directory/temp/html/examples/HTMLFiles/SSAMean-example_1.gif’
‘html/examples/HTMLFiles/Examples_47.gif’ -> ‘temporary-directory/temp/html/examples/HTMLFiles/Examples_47.gif’
‘html/examples/HTMLFiles/SSAtoXLR8R-example_4.gif’ -> ‘temporary-directory/temp/html/examples/HTMLFiles/SSAtoXLR8R-example_4.gif’
‘html/examples/HTMLFiles/Examples_39.gif’ -> ‘temporary-directory/temp/html/examples/HTMLFiles/Examples_39.gif’
‘html/examples/HTMLFiles/Examples_32.gif’ -> ‘temporary-directory/temp/html/examples/HTMLFiles/Examples_32.gif’
‘html/examples/HTMLFiles/Examples_2.gif’ -> ‘temporary-directory/temp/html/examples/HTMLFiles/Examples_2.gif’
‘html/examples/HTMLFiles/SSAGet-example_4.gif’ -> ‘temporary-directory/temp/html/examples/HTMLFiles/SSAGet-example_4.gif’
‘html/examples/HTMLFiles/sMWC-example_1.gif’ -> ‘temporary-directory/temp/html/examples/HTMLFiles/sMWC-example_1.gif’
‘html/examples/HTMLFiles/Examples_17.gif’ -> ‘temporary-directory/temp/html/examples/HTMLFiles/Examples_17.gif’
‘html/examples/HTMLFiles/UmbralLogisticFunction-example_10.gif’ -> ‘temporary-directory/temp/html/examples/HTMLFiles/UmbralLogisticFunction-example_10.gif’
‘html/examples/HTMLFiles/SSADotPlot-example_2.gif’ -> ‘temporary-directory/temp/html/examples/HTMLFiles/SSADotPlot-example_2.gif’
‘html/examples/HTMLFiles/SSADotPlot-example_6.gif’ -> ‘temporary-directory/temp/html/examples/HTMLFiles/SSADotPlot-example_6.gif’
‘html/examples/HTMLFiles/Default.css’ -> ‘temporary-directory/temp/html/examples/HTMLFiles/Default.css’
‘html/examples/HTMLFiles/Examples_41.gif’ -> ‘temporary-directory/temp/html/examples/HTMLFiles/Examples_41.gif’
‘html/examples/HTMLFiles/MWCFunction-example_5.gif’ -> ‘temporary-directory/temp/html/examples/HTMLFiles/MWCFunction-example_5.gif’
‘html/examples/HTMLFiles/SSADotPlot-example.css’ -> ‘temporary-directory/temp/html/examples/HTMLFiles/SSADotPlot-example.css’
‘html/examples/HTMLFiles/SSA-example_10.gif’ -> ‘temporary-directory/temp/html/examples/HTMLFiles/SSA-example_10.gif’
‘html/examples/HTMLFiles/Examples_29.gif’ -> ‘temporary-directory/temp/html/examples/HTMLFiles/Examples_29.gif’
‘html/examples/HTMLFiles/Examples_10.gif’ -> ‘temporary-directory/temp/html/examples/HTMLFiles/Examples_10.gif’
‘html/examples/HTMLFiles/UmbralHillFunction-example_15.gif’ -> ‘temporary-directory/temp/html/examples/HTMLFiles/UmbralHillFunction-example_15.gif’
‘html/examples/HTMLFiles/sGRN-example_1.gif’ -> ‘temporary-directory/temp/html/examples/HTMLFiles/sGRN-example_1.gif’
‘html/examples/HTMLFiles/Examples_8.gif’ -> ‘temporary-directory/temp/html/examples/HTMLFiles/Examples_8.gif’
‘html/examples/HTMLFiles/sMMH-example_3.gif’ -> ‘temporary-directory/temp/html/examples/HTMLFiles/sMMH-example_3.gif’
‘html/examples/HTMLFiles/SSAtoXLR8R-example_8.gif’ -> ‘temporary-directory/temp/html/examples/HTMLFiles/SSAtoXLR8R-example_8.gif’
‘html/examples/HTMLFiles/Examples_30.gif’ -> ‘temporary-directory/temp/html/examples/HTMLFiles/Examples_30.gif’
‘html/examples/HTMLFiles/Examples_42.gif’ -> ‘temporary-directory/temp/html/examples/HTMLFiles/Examples_42.gif’
‘html/examples/HTMLFiles/SSAMean-example_2.gif’ -> ‘temporary-directory/temp/html/examples/HTMLFiles/SSAMean-example_2.gif’
‘html/examples/HTMLFiles/Examples_22.gif’ -> ‘temporary-directory/temp/html/examples/HTMLFiles/Examples_22.gif’
‘html/examples/HTMLFiles/SSAFit-example_10.gif’ -> ‘temporary-directory/temp/html/examples/HTMLFiles/SSAFit-example_10.gif’
‘html/examples/HTMLFiles/SSAGet-example_11.gif’ -> ‘temporary-directory/temp/html/examples/HTMLFiles/SSAGet-example_11.gif’
‘html/examples/HTMLFiles/SSAFit-example_9.gif’ -> ‘temporary-directory/temp/html/examples/HTMLFiles/SSAFit-example_9.gif’
‘html/examples/HTMLFiles/PlotStats-example_5.gif’ -> ‘temporary-directory/temp/html/examples/HTMLFiles/PlotStats-example_5.gif’
‘html/examples/HTMLFiles/UmbralHillFunction-example_10.gif’ -> ‘temporary-directory/temp/html/examples/HTMLFiles/UmbralHillFunction-example_10.gif’
‘html/examples/HTMLFiles/XLR8RtoSSA-example_3.gif’ -> ‘temporary-directory/temp/html/examples/HTMLFiles/XLR8RtoSSA-example_3.gif’
‘html/examples/HTMLFiles/SSA-example_9.gif’ -> ‘temporary-directory/temp/html/examples/HTMLFiles/SSA-example_9.gif’
‘html/examples/HTMLFiles/SSAGet-example_13.gif’ -> ‘temporary-directory/temp/html/examples/HTMLFiles/SSAGet-example_13.gif’
‘html/examples/HTMLFiles/UmbralHillFunction-example_12.gif’ -> ‘temporary-directory/temp/html/examples/HTMLFiles/UmbralHillFunction-example_12.gif’
‘html/examples/HTMLFiles/sGRN-example_5.gif’ -> ‘temporary-directory/temp/html/examples/HTMLFiles/sGRN-example_5.gif’
‘html/examples/HTMLFiles/UmbralHillFunction-example_5.gif’ -> ‘temporary-directory/temp/html/examples/HTMLFiles/UmbralHillFunction-example_5.gif’
‘html/examples/HTMLFiles/ExpandReaction-example_1.gif’ -> ‘temporary-directory/temp/html/examples/HTMLFiles/ExpandReaction-example_1.gif’
‘html/examples/HTMLFiles/SSALinePlot-example.css’ -> ‘temporary-directory/temp/html/examples/HTMLFiles/SSALinePlot-example.css’
‘html/examples/HTMLFiles/LogisticFunction-example_3.gif’ -> ‘temporary-directory/temp/html/examples/HTMLFiles/LogisticFunction-example_3.gif’
‘html/examples/HTMLFiles/sHill-example_3.gif’ -> ‘temporary-directory/temp/html/examples/HTMLFiles/sHill-example_3.gif’
‘html/examples/HTMLFiles/XLR8RtoSSA-example_11.gif’ -> ‘temporary-directory/temp/html/examples/HTMLFiles/XLR8RtoSSA-example_11.gif’
‘html/examples/HTMLFiles/SSAPlot-example_4.gif’ -> ‘temporary-directory/temp/html/examples/HTMLFiles/SSAPlot-example_4.gif’
‘html/examples/HTMLFiles/SSAGet-example_2.gif’ -> ‘temporary-directory/temp/html/examples/HTMLFiles/SSAGet-example_2.gif’
‘html/examples/HTMLFiles/UmbralHillFunction-example_9.gif’ -> ‘temporary-directory/temp/html/examples/HTMLFiles/UmbralHillFunction-example_9.gif’
‘html/examples/HTMLFiles/sMWC-example_7.gif’ -> ‘temporary-directory/temp/html/examples/HTMLFiles/sMWC-example_7.gif’
‘html/examples/HTMLFiles/ExpandReaction-example_8.gif’ -> ‘temporary-directory/temp/html/examples/HTMLFiles/ExpandReaction-example_8.gif’
‘html/examples/HTMLFiles/SSA-example_24.gif’ -> ‘temporary-directory/temp/html/examples/HTMLFiles/SSA-example_24.gif’
‘html/examples/HTMLFiles/Examples_1.gif’ -> ‘temporary-directory/temp/html/examples/HTMLFiles/Examples_1.gif’
‘html/examples/HTMLFiles/PlotStats-example_7.gif’ -> ‘temporary-directory/temp/html/examples/HTMLFiles/PlotStats-example_7.gif’
‘html/examples/HTMLFiles/SSAGet-example_6.gif’ -> ‘temporary-directory/temp/html/examples/HTMLFiles/SSAGet-example_6.gif’
‘html/examples/HTMLFiles/Examples_26.gif’ -> ‘temporary-directory/temp/html/examples/HTMLFiles/Examples_26.gif’
‘html/examples/HTMLFiles/SSAPhasePlot-example_4.gif’ -> ‘temporary-directory/temp/html/examples/HTMLFiles/SSAPhasePlot-example_4.gif’
‘html/examples/HTMLFiles/ExpandReaction-example.css’ -> ‘temporary-directory/temp/html/examples/HTMLFiles/ExpandReaction-example.css’
‘html/examples/HTMLFiles/SSA-example_8.gif’ -> ‘temporary-directory/temp/html/examples/HTMLFiles/SSA-example_8.gif’
‘html/examples/HTMLFiles/PlotStats-example_4.gif’ -> ‘temporary-directory/temp/html/examples/HTMLFiles/PlotStats-example_4.gif’
‘html/examples/HTMLFiles/ExpandReaction-example_2.gif’ -> ‘temporary-directory/temp/html/examples/HTMLFiles/ExpandReaction-example_2.gif’
‘html/examples/HTMLFiles/UmbralHillFunction-example_11.gif’ -> ‘temporary-directory/temp/html/examples/HTMLFiles/UmbralHillFunction-example_11.gif’
‘html/examples/HTMLFiles/UmbralHillFunction-example_1.gif’ -> ‘temporary-directory/temp/html/examples/HTMLFiles/UmbralHillFunction-example_1.gif’
‘html/examples/HTMLFiles/ExpandReactions-example_2.gif’ -> ‘temporary-directory/temp/html/examples/HTMLFiles/ExpandReactions-example_2.gif’
‘html/examples/HTMLFiles/Examples_36.gif’ -> ‘temporary-directory/temp/html/examples/HTMLFiles/Examples_36.gif’
‘html/examples/HTMLFiles/sHill-example_4.gif’ -> ‘temporary-directory/temp/html/examples/HTMLFiles/sHill-example_4.gif’
‘html/examples/HTMLFiles/SSAtoXLR8R-example_3.gif’ -> ‘temporary-directory/temp/html/examples/HTMLFiles/SSAtoXLR8R-example_3.gif’
‘html/examples/HTMLFiles/SSAGet-example_18.gif’ -> ‘temporary-directory/temp/html/examples/HTMLFiles/SSAGet-example_18.gif’
‘html/examples/HTMLFiles/Examples.css’ -> ‘temporary-directory/temp/html/examples/HTMLFiles/Examples.css’
‘html/examples/HTMLFiles/SSAGet-example_5.gif’ -> ‘temporary-directory/temp/html/examples/HTMLFiles/SSAGet-example_5.gif’
‘html/examples/HTMLFiles/SSAFit-example_7.gif’ -> ‘temporary-directory/temp/html/examples/HTMLFiles/SSAFit-example_7.gif’
‘html/examples/HTMLFiles/sHill-example_5.gif’ -> ‘temporary-directory/temp/html/examples/HTMLFiles/sHill-example_5.gif’
‘html/examples/HTMLFiles/Examples_12.gif’ -> ‘temporary-directory/temp/html/examples/HTMLFiles/Examples_12.gif’
‘html/examples/HTMLFiles/SSAtoXLR8R-example_7.gif’ -> ‘temporary-directory/temp/html/examples/HTMLFiles/SSAtoXLR8R-example_7.gif’
‘html/examples/HTMLFiles/Examples_24.gif’ -> ‘temporary-directory/temp/html/examples/HTMLFiles/Examples_24.gif’
‘html/examples/HTMLFiles/SSA-example_21.gif’ -> ‘temporary-directory/temp/html/examples/HTMLFiles/SSA-example_21.gif’
‘html/examples/HTMLFiles/Examples_13.gif’ -> ‘temporary-directory/temp/html/examples/HTMLFiles/Examples_13.gif’
‘html/examples/HTMLFiles/SSAtoXLR8R-example_13.gif’ -> ‘temporary-directory/temp/html/examples/HTMLFiles/SSAtoXLR8R-example_13.gif’
‘html/examples/HTMLFiles/SSALinePlot-example_3.gif’ -> ‘temporary-directory/temp/html/examples/HTMLFiles/SSALinePlot-example_3.gif’
‘html/examples/HTMLFiles/Examples_11.gif’ -> ‘temporary-directory/temp/html/examples/HTMLFiles/Examples_11.gif’
‘html/examples/HTMLFiles/SSAGet-example_1.gif’ -> ‘temporary-directory/temp/html/examples/HTMLFiles/SSAGet-example_1.gif’
‘html/examples/HTMLFiles/PlotStats-example_1.gif’ -> ‘temporary-directory/temp/html/examples/HTMLFiles/PlotStats-example_1.gif’
‘html/examples/HTMLFiles/SSAGet-example_17.gif’ -> ‘temporary-directory/temp/html/examples/HTMLFiles/SSAGet-example_17.gif’
‘html/examples/HTMLFiles/Examples_52.gif’ -> ‘temporary-directory/temp/html/examples/HTMLFiles/Examples_52.gif’
‘html/examples/HTMLFiles/SSAPlot-example_3.gif’ -> ‘temporary-directory/temp/html/examples/HTMLFiles/SSAPlot-example_3.gif’
‘html/examples/HTMLFiles/Examples_38.gif’ -> ‘temporary-directory/temp/html/examples/HTMLFiles/Examples_38.gif’
‘html/examples/HTMLFiles/SSA-example_25.gif’ -> ‘temporary-directory/temp/html/examples/HTMLFiles/SSA-example_25.gif’
‘html/examples/HTMLFiles/sGRN-example_6.gif’ -> ‘temporary-directory/temp/html/examples/HTMLFiles/sGRN-example_6.gif’
‘html/examples/HTMLFiles/SSAMean-example_5.gif’ -> ‘temporary-directory/temp/html/examples/HTMLFiles/SSAMean-example_5.gif’
‘html/examples/HTMLFiles/ExpandReaction-example_7.gif’ -> ‘temporary-directory/temp/html/examples/HTMLFiles/ExpandReaction-example_7.gif’
‘html/examples/HTMLFiles/SSA-example_23.gif’ -> ‘temporary-directory/temp/html/examples/HTMLFiles/SSA-example_23.gif’
‘html/examples/HTMLFiles/SSAtoXLR8R-example_11.gif’ -> ‘temporary-directory/temp/html/examples/HTMLFiles/SSAtoXLR8R-example_11.gif’
‘html/examples/HTMLFiles/SSAtoXLR8R-example_2.gif’ -> ‘temporary-directory/temp/html/examples/HTMLFiles/SSAtoXLR8R-example_2.gif’
‘html/examples/HTMLFiles/Examples_45.gif’ -> ‘temporary-directory/temp/html/examples/HTMLFiles/Examples_45.gif’
‘html/examples/HTMLFiles/SSA-example_15.gif’ -> ‘temporary-directory/temp/html/examples/HTMLFiles/SSA-example_15.gif’
‘html/examples/HTMLFiles/HillFunction-example_2.gif’ -> ‘temporary-directory/temp/html/examples/HTMLFiles/HillFunction-example_2.gif’
‘html/examples/HTMLFiles/SSALinePlot-example_2.gif’ -> ‘temporary-directory/temp/html/examples/HTMLFiles/SSALinePlot-example_2.gif’
‘html/examples/HTMLFiles/MWCFunction-example_3.gif’ -> ‘temporary-directory/temp/html/examples/HTMLFiles/MWCFunction-example_3.gif’
‘html/examples/HTMLFiles/UmbralHillFunction-example_16.gif’ -> ‘temporary-directory/temp/html/examples/HTMLFiles/UmbralHillFunction-example_16.gif’
‘html/examples/HTMLFiles/sMMH-example_2.gif’ -> ‘temporary-directory/temp/html/examples/HTMLFiles/sMMH-example_2.gif’
‘html/examples/HTMLFiles/SSAFit-example.css’ -> ‘temporary-directory/temp/html/examples/HTMLFiles/SSAFit-example.css’
‘html/examples/HTMLFiles/SSAGet-example_14.gif’ -> ‘temporary-directory/temp/html/examples/HTMLFiles/SSAGet-example_14.gif’
‘html/examples/HTMLFiles/sMWC-example_6.gif’ -> ‘temporary-directory/temp/html/examples/HTMLFiles/sMWC-example_6.gif’
‘html/examples/HTMLFiles/Examples_51.gif’ -> ‘temporary-directory/temp/html/examples/HTMLFiles/Examples_51.gif’
‘html/examples/HTMLFiles/SSAFit-example_6.gif’ -> ‘temporary-directory/temp/html/examples/HTMLFiles/SSAFit-example_6.gif’
‘html/examples/HTMLFiles/MWCFunction-example_6.gif’ -> ‘temporary-directory/temp/html/examples/HTMLFiles/MWCFunction-example_6.gif’
‘html/examples/HTMLFiles/SSA-example_22.gif’ -> ‘temporary-directory/temp/html/examples/HTMLFiles/SSA-example_22.gif’
‘html/examples/HTMLFiles/SSAPhasePlot-example_2.gif’ -> ‘temporary-directory/temp/html/examples/HTMLFiles/SSAPhasePlot-example_2.gif’
‘html/examples/HTMLFiles/SSAGet-example_16.gif’ -> ‘temporary-directory/temp/html/examples/HTMLFiles/SSAGet-example_16.gif’
‘html/examples/HTMLFiles/SSAPhasePlot-example_5.gif’ -> ‘temporary-directory/temp/html/examples/HTMLFiles/SSAPhasePlot-example_5.gif’
‘html/examples/HTMLFiles/SSAtoXLR8R-example_9.gif’ -> ‘temporary-directory/temp/html/examples/HTMLFiles/SSAtoXLR8R-example_9.gif’
‘html/examples/HTMLFiles/spikeyIcon.png’ -> ‘temporary-directory/temp/html/examples/HTMLFiles/spikeyIcon.png’
‘html/examples/HTMLFiles/Examples_43.gif’ -> ‘temporary-directory/temp/html/examples/HTMLFiles/Examples_43.gif’
‘html/examples/HTMLFiles/Examples_46.gif’ -> ‘temporary-directory/temp/html/examples/HTMLFiles/Examples_46.gif’
‘html/examples/HTMLFiles/SSAMean-example_4.gif’ -> ‘temporary-directory/temp/html/examples/HTMLFiles/SSAMean-example_4.gif’
‘html/examples/HTMLFiles/Examples_37.gif’ -> ‘temporary-directory/temp/html/examples/HTMLFiles/Examples_37.gif’
‘html/examples/HTMLFiles/ExpandReaction-example_5.gif’ -> ‘temporary-directory/temp/html/examples/HTMLFiles/ExpandReaction-example_5.gif’
‘html/examples/HTMLFiles/SSAFit-example_8.gif’ -> ‘temporary-directory/temp/html/examples/HTMLFiles/SSAFit-example_8.gif’
‘html/examples/HTMLFiles/SSADotPlot-example_5.gif’ -> ‘temporary-directory/temp/html/examples/HTMLFiles/SSADotPlot-example_5.gif’
‘html/examples/HTMLFiles/SSAMean-example_7.gif’ -> ‘temporary-directory/temp/html/examples/HTMLFiles/SSAMean-example_7.gif’
‘html/examples/HTMLFiles/SSAMean-example.css’ -> ‘temporary-directory/temp/html/examples/HTMLFiles/SSAMean-example.css’
‘html/examples/HTMLFiles/sHill-example_2.gif’ -> ‘temporary-directory/temp/html/examples/HTMLFiles/sHill-example_2.gif’
‘html/examples/HTMLFiles/ExpandReactions-example.css’ -> ‘temporary-directory/temp/html/examples/HTMLFiles/ExpandReactions-example.css’
‘html/examples/HTMLFiles/sGRN-example_2.gif’ -> ‘temporary-directory/temp/html/examples/HTMLFiles/sGRN-example_2.gif’
‘html/examples/HTMLFiles/Examples_40.gif’ -> ‘temporary-directory/temp/html/examples/HTMLFiles/Examples_40.gif’
‘html/examples/HTMLFiles/HillFunction-example_4.gif’ -> ‘temporary-directory/temp/html/examples/HTMLFiles/HillFunction-example_4.gif’
‘html/examples/HTMLFiles/sHill-example_7.gif’ -> ‘temporary-directory/temp/html/examples/HTMLFiles/sHill-example_7.gif’
‘html/examples/HTMLFiles/sHill-example_1.gif’ -> ‘temporary-directory/temp/html/examples/HTMLFiles/sHill-example_1.gif’
‘html/examples/HTMLFiles/UmbralLogisticFunction-example_5.gif’ -> ‘temporary-directory/temp/html/examples/HTMLFiles/UmbralLogisticFunction-example_5.gif’
‘html/examples/HTMLFiles/SSA-example_11.gif’ -> ‘temporary-directory/temp/html/examples/HTMLFiles/SSA-example_11.gif’
‘html/examples/HTMLFiles/LogisticFunction-example_5.gif’ -> ‘temporary-directory/temp/html/examples/HTMLFiles/LogisticFunction-example_5.gif’
‘html/examples/HTMLFiles/SSALinePlot-example_6.gif’ -> ‘temporary-directory/temp/html/examples/HTMLFiles/SSALinePlot-example_6.gif’
‘html/examples/HTMLFiles/Examples_21.gif’ -> ‘temporary-directory/temp/html/examples/HTMLFiles/Examples_21.gif’
‘html/examples/HTMLFiles/ExpandReaction-example_3.gif’ -> ‘temporary-directory/temp/html/examples/HTMLFiles/ExpandReaction-example_3.gif’
‘html/examples/HTMLFiles/Examples_19.gif’ -> ‘temporary-directory/temp/html/examples/HTMLFiles/Examples_19.gif’
‘html/examples/HTMLFiles/SSADotPlot-example_3.gif’ -> ‘temporary-directory/temp/html/examples/HTMLFiles/SSADotPlot-example_3.gif’
‘html/examples/HTMLFiles/UmbralLogisticFunction-example_1.gif’ -> ‘temporary-directory/temp/html/examples/HTMLFiles/UmbralLogisticFunction-example_1.gif’
‘html/examples/HTMLFiles/sMMH-example_1.gif’ -> ‘temporary-directory/temp/html/examples/HTMLFiles/sMMH-example_1.gif’
‘html/examples/HTMLFiles/SSALinePlot-example_5.gif’ -> ‘temporary-directory/temp/html/examples/HTMLFiles/SSALinePlot-example_5.gif’
‘html/examples/HTMLFiles/Examples_18.gif’ -> ‘temporary-directory/temp/html/examples/HTMLFiles/Examples_18.gif’
‘html/examples/HTMLFiles/Examples_27.gif’ -> ‘temporary-directory/temp/html/examples/HTMLFiles/Examples_27.gif’
‘html/examples/HTMLFiles/LogisticFunction-example_4.gif’ -> ‘temporary-directory/temp/html/examples/HTMLFiles/LogisticFunction-example_4.gif’
‘html/examples/HTMLFiles/sHill-example_6.gif’ -> ‘temporary-directory/temp/html/examples/HTMLFiles/sHill-example_6.gif’
‘html/examples/HTMLFiles/UmbralLogisticFunction-example_8.gif’ -> ‘temporary-directory/temp/html/examples/HTMLFiles/UmbralLogisticFunction-example_8.gif’
‘html/examples/HTMLFiles/SSA-example_4.gif’ -> ‘temporary-directory/temp/html/examples/HTMLFiles/SSA-example_4.gif’
‘html/examples/HTMLFiles/LogisticFunction-example_1.gif’ -> ‘temporary-directory/temp/html/examples/HTMLFiles/LogisticFunction-example_1.gif’
‘html/examples/HTMLFiles/SSA-example_14.gif’ -> ‘temporary-directory/temp/html/examples/HTMLFiles/SSA-example_14.gif’
‘html/examples/HTMLFiles/ExpandReactions-example_1.gif’ -> ‘temporary-directory/temp/html/examples/HTMLFiles/ExpandReactions-example_1.gif’
‘html/examples/HTMLFiles/SSALinePlot-example_4.gif’ -> ‘temporary-directory/temp/html/examples/HTMLFiles/SSALinePlot-example_4.gif’
‘html/examples/HTMLFiles/Examples_48.gif’ -> ‘temporary-directory/temp/html/examples/HTMLFiles/Examples_48.gif’
‘html/examples/HTMLFiles/PlotStats-example_3.gif’ -> ‘temporary-directory/temp/html/examples/HTMLFiles/PlotStats-example_3.gif’
‘html/examples/HTMLFiles/UmbralHillFunction-example_13.gif’ -> ‘temporary-directory/temp/html/examples/HTMLFiles/UmbralHillFunction-example_13.gif’
‘html/examples/HTMLFiles/ExpandReaction-example_4.gif’ -> ‘temporary-directory/temp/html/examples/HTMLFiles/ExpandReaction-example_4.gif’
‘html/examples/HTMLFiles/SSAGet-example_7.gif’ -> ‘temporary-directory/temp/html/examples/HTMLFiles/SSAGet-example_7.gif’
‘html/examples/HTMLFiles/XLR8RtoSSA-example_5.gif’ -> ‘temporary-directory/temp/html/examples/HTMLFiles/XLR8RtoSSA-example_5.gif’
‘html/examples/HTMLFiles/SSA-example_3.gif’ -> ‘temporary-directory/temp/html/examples/HTMLFiles/SSA-example_3.gif’
‘html/examples/HTMLFiles/SSAPhasePlot-example_1.gif’ -> ‘temporary-directory/temp/html/examples/HTMLFiles/SSAPhasePlot-example_1.gif’
‘html/examples/HTMLFiles/xhtml-math11-f.dtd’ -> ‘temporary-directory/temp/html/examples/HTMLFiles/xhtml-math11-f.dtd’
‘html/examples/HTMLFiles/SSA-example_17.gif’ -> ‘temporary-directory/temp/html/examples/HTMLFiles/SSA-example_17.gif’
‘html/examples/HTMLFiles/SSAMean-example_3.gif’ -> ‘temporary-directory/temp/html/examples/HTMLFiles/SSAMean-example_3.gif’
‘html/examples/HTMLFiles/sGRN-example_7.gif’ -> ‘temporary-directory/temp/html/examples/HTMLFiles/sGRN-example_7.gif’
‘html/examples/HTMLFiles/SSAGet-example_15.gif’ -> ‘temporary-directory/temp/html/examples/HTMLFiles/SSAGet-example_15.gif’
‘html/examples/HTMLFiles/Examples_14.gif’ -> ‘temporary-directory/temp/html/examples/HTMLFiles/Examples_14.gif’
‘html/examples/HTMLFiles/UmbralLogisticFunction-example_7.gif’ -> ‘temporary-directory/temp/html/examples/HTMLFiles/UmbralLogisticFunction-example_7.gif’
‘html/examples/HTMLFiles/SSAMean-example_10.gif’ -> ‘temporary-directory/temp/html/examples/HTMLFiles/SSAMean-example_10.gif’
‘html/examples/HTMLFiles/SSALinePlot-example_1.gif’ -> ‘temporary-directory/temp/html/examples/HTMLFiles/SSALinePlot-example_1.gif’
‘html/examples/HTMLFiles/PlotStats-example.css’ -> ‘temporary-directory/temp/html/examples/HTMLFiles/PlotStats-example.css’
‘html/examples/HTMLFiles/SSA-example_1.gif’ -> ‘temporary-directory/temp/html/examples/HTMLFiles/SSA-example_1.gif’
‘html/examples/HTMLFiles/Examples_6.gif’ -> ‘temporary-directory/temp/html/examples/HTMLFiles/Examples_6.gif’
‘html/examples/HTMLFiles/SSAFit-example_2.gif’ -> ‘temporary-directory/temp/html/examples/HTMLFiles/SSAFit-example_2.gif’
‘html/examples/HTMLFiles/Examples_33.gif’ -> ‘temporary-directory/temp/html/examples/HTMLFiles/Examples_33.gif’
‘html/examples/HTMLFiles/Examples_7.gif’ -> ‘temporary-directory/temp/html/examples/HTMLFiles/Examples_7.gif’
‘html/examples/HTMLFiles/ExpandReactions-example_4.gif’ -> ‘temporary-directory/temp/html/examples/HTMLFiles/ExpandReactions-example_4.gif’
‘html/examples/HTMLFiles/spikeyIcon.jpg’ -> ‘temporary-directory/temp/html/examples/HTMLFiles/spikeyIcon.jpg’
‘html/examples/HTMLFiles/Examples_49.gif’ -> ‘temporary-directory/temp/html/examples/HTMLFiles/Examples_49.gif’
‘html/examples/HTMLFiles/XLR8RtoSSA-example_1.gif’ -> ‘temporary-directory/temp/html/examples/HTMLFiles/XLR8RtoSSA-example_1.gif’
‘html/examples/HTMLFiles/HillFunction-example_1.gif’ -> ‘temporary-directory/temp/html/examples/HTMLFiles/HillFunction-example_1.gif’
‘html/examples/HTMLFiles/SSAGet-example_3.gif’ -> ‘temporary-directory/temp/html/examples/HTMLFiles/SSAGet-example_3.gif’
‘html/examples/HTMLFiles/SSAGet-example_19.gif’ -> ‘temporary-directory/temp/html/examples/HTMLFiles/SSAGet-example_19.gif’
‘html/examples/HTMLFiles/XLR8RtoSSA-example_9.gif’ -> ‘temporary-directory/temp/html/examples/HTMLFiles/XLR8RtoSSA-example_9.gif’
‘html/examples/HTMLFiles/SSA-example_18.gif’ -> ‘temporary-directory/temp/html/examples/HTMLFiles/SSA-example_18.gif’
‘html/examples/HTMLFiles/Examples_55.gif’ -> ‘temporary-directory/temp/html/examples/HTMLFiles/Examples_55.gif’
‘html/examples/HTMLFiles/SSAPlot-example_2.gif’ -> ‘temporary-directory/temp/html/examples/HTMLFiles/SSAPlot-example_2.gif’
‘html/examples/HTMLFiles/PlotStats-example_2.gif’ -> ‘temporary-directory/temp/html/examples/HTMLFiles/PlotStats-example_2.gif’
‘html/examples/HTMLFiles/SSAFit-example_4.gif’ -> ‘temporary-directory/temp/html/examples/HTMLFiles/SSAFit-example_4.gif’
‘html/examples/HTMLFiles/UmbralHillFunction-example_14.gif’ -> ‘temporary-directory/temp/html/examples/HTMLFiles/UmbralHillFunction-example_14.gif’
‘html/examples/HTMLFiles/Examples_54.gif’ -> ‘temporary-directory/temp/html/examples/HTMLFiles/Examples_54.gif’
‘html/examples/HTMLFiles/SSAFit-example_5.gif’ -> ‘temporary-directory/temp/html/examples/HTMLFiles/SSAFit-example_5.gif’
‘html/examples/HTMLFiles/Examples_34.gif’ -> ‘temporary-directory/temp/html/examples/HTMLFiles/Examples_34.gif’
‘html/examples/HTMLFiles/SSA-example_6.gif’ -> ‘temporary-directory/temp/html/examples/HTMLFiles/SSA-example_6.gif’
‘html/examples/HTMLFiles/SSAtoXLR8R-example_6.gif’ -> ‘temporary-directory/temp/html/examples/HTMLFiles/SSAtoXLR8R-example_6.gif’
‘html/examples/HTMLFiles/Examples_4.gif’ -> ‘temporary-directory/temp/html/examples/HTMLFiles/Examples_4.gif’
‘html/examples/HTMLFiles/sMMH-example_4.gif’ -> ‘temporary-directory/temp/html/examples/HTMLFiles/sMMH-example_4.gif’
‘html/examples/HTMLFiles/SSAtoXLR8R-example_5.gif’ -> ‘temporary-directory/temp/html/examples/HTMLFiles/SSAtoXLR8R-example_5.gif’
‘html/examples/HTMLFiles/XLR8RtoSSA-example_8.gif’ -> ‘temporary-directory/temp/html/examples/HTMLFiles/XLR8RtoSSA-example_8.gif’
‘html/examples/HTMLFiles/XLR8RtoSSA-example_10.gif’ -> ‘temporary-directory/temp/html/examples/HTMLFiles/XLR8RtoSSA-example_10.gif’
‘html/examples/HTMLFiles/SSAtoXLR8R-example_10.gif’ -> ‘temporary-directory/temp/html/examples/HTMLFiles/SSAtoXLR8R-example_10.gif’
‘html/examples/HTMLFiles/Examples_5.gif’ -> ‘temporary-directory/temp/html/examples/HTMLFiles/Examples_5.gif’
‘html/examples/HTMLFiles/Examples_35.gif’ -> ‘temporary-directory/temp/html/examples/HTMLFiles/Examples_35.gif’
‘html/examples/HTMLFiles/sGRN-example_3.gif’ -> ‘temporary-directory/temp/html/examples/HTMLFiles/sGRN-example_3.gif’
‘html/examples/HTMLFiles/LogisticFunction-example_2.gif’ -> ‘temporary-directory/temp/html/examples/HTMLFiles/LogisticFunction-example_2.gif’
‘html/examples/HTMLFiles/ExpandReaction-example_6.gif’ -> ‘temporary-directory/temp/html/examples/HTMLFiles/ExpandReaction-example_6.gif’
‘html/examples/HTMLFiles/sGRN-example_4.gif’ -> ‘temporary-directory/temp/html/examples/HTMLFiles/sGRN-example_4.gif’
‘html/examples/HTMLFiles/SSA-example_2.gif’ -> ‘temporary-directory/temp/html/examples/HTMLFiles/SSA-example_2.gif’
‘html/examples/HTMLFiles/SSA-example_19.gif’ -> ‘temporary-directory/temp/html/examples/HTMLFiles/SSA-example_19.gif’
‘html/examples/HTMLFiles/UmbralLogisticFunction-example_6.gif’ -> ‘temporary-directory/temp/html/examples/HTMLFiles/UmbralLogisticFunction-example_6.gif’
‘html/examples/HTMLFiles/Examples_20.gif’ -> ‘temporary-directory/temp/html/examples/HTMLFiles/Examples_20.gif’
‘html/examples/HTMLFiles/UmbralLogisticFunction-example_4.gif’ -> ‘temporary-directory/temp/html/examples/HTMLFiles/UmbralLogisticFunction-example_4.gif’
‘html/examples/HTMLFiles/UmbralLogisticFunction-example_2.gif’ -> ‘temporary-directory/temp/html/examples/HTMLFiles/UmbralLogisticFunction-example_2.gif’
‘html/examples/HTMLFiles/Examples_23.gif’ -> ‘temporary-directory/temp/html/examples/HTMLFiles/Examples_23.gif’
‘html/examples/HTMLFiles/sMWC-example_3.gif’ -> ‘temporary-directory/temp/html/examples/HTMLFiles/sMWC-example_3.gif’
‘html/examples/HTMLFiles/MWCFunction-example_4.gif’ -> ‘temporary-directory/temp/html/examples/HTMLFiles/MWCFunction-example_4.gif’
‘html/examples/HTMLFiles/UmbralHillFunction-example_4.gif’ -> ‘temporary-directory/temp/html/examples/HTMLFiles/UmbralHillFunction-example_4.gif’
‘html/examples/HTMLFiles/XLR8RtoSSA-example_7.gif’ -> ‘temporary-directory/temp/html/examples/HTMLFiles/XLR8RtoSSA-example_7.gif’
‘html/examples/HTMLFiles/SSAPhasePlot-example_3.gif’ -> ‘temporary-directory/temp/html/examples/HTMLFiles/SSAPhasePlot-example_3.gif’
‘html/examples/HTMLFiles/Examples_28.gif’ -> ‘temporary-directory/temp/html/examples/HTMLFiles/Examples_28.gif’
‘html/examples/HTMLFiles/UmbralHillFunction-example_7.gif’ -> ‘temporary-directory/temp/html/examples/HTMLFiles/UmbralHillFunction-example_7.gif’
‘html/examples/HTMLFiles/XLR8RtoSSA-example_6.gif’ -> ‘temporary-directory/temp/html/examples/HTMLFiles/XLR8RtoSSA-example_6.gif’
‘html/examples/HTMLFiles/SSAGet-example_8.gif’ -> ‘temporary-directory/temp/html/examples/HTMLFiles/SSAGet-example_8.gif’
‘html/examples/HTMLFiles/Examples_3.gif’ -> ‘temporary-directory/temp/html/examples/HTMLFiles/Examples_3.gif’
‘html/examples/HTMLFiles/HillFunction-example_3.gif’ -> ‘temporary-directory/temp/html/examples/HTMLFiles/HillFunction-example_3.gif’
‘html/examples/HTMLFiles/UmbralHillFunction-example_2.gif’ -> ‘temporary-directory/temp/html/examples/HTMLFiles/UmbralHillFunction-example_2.gif’
‘html/examples/HTMLFiles/UmbralHillFunction-example_6.gif’ -> ‘temporary-directory/temp/html/examples/HTMLFiles/UmbralHillFunction-example_6.gif’
‘html/examples/HTMLFiles/SSAGet-example_9.gif’ -> ‘temporary-directory/temp/html/examples/HTMLFiles/SSAGet-example_9.gif’
‘html/examples/HTMLFiles/SSAGet-example_10.gif’ -> ‘temporary-directory/temp/html/examples/HTMLFiles/SSAGet-example_10.gif’
‘html/examples/HTMLFiles/XLR8RtoSSA-example_4.gif’ -> ‘temporary-directory/temp/html/examples/HTMLFiles/XLR8RtoSSA-example_4.gif’
‘html/examples/HTMLFiles/MWCFunction-example_2.gif’ -> ‘temporary-directory/temp/html/examples/HTMLFiles/MWCFunction-example_2.gif’
‘html/examples/HTMLFiles/SSAtoXLR8R-example_1.gif’ -> ‘temporary-directory/temp/html/examples/HTMLFiles/SSAtoXLR8R-example_1.gif’
‘html/examples/HTMLFiles/Examples_31.gif’ -> ‘temporary-directory/temp/html/examples/HTMLFiles/Examples_31.gif’
‘html/examples/SSALinePlot-example.htm’ -> ‘temporary-directory/temp/html/examples/SSALinePlot-example.htm’
‘html/examples/SSADotPlot-example.nb.zip’ -> ‘temporary-directory/temp/html/examples/SSADotPlot-example.nb.zip’
‘html/examples/SSADotPlot-example.nb.zip/SSADotPlot-example.nb’ -> ‘temporary-directory/temp/html/examples/SSADotPlot-example.nb.zip/SSADotPlot-example.nb’
‘html/examples/SSA-example.nb’ -> ‘temporary-directory/temp/html/examples/SSA-example.nb’
‘html/examples/SSAFit-example.htm’ -> ‘temporary-directory/temp/html/examples/SSAFit-example.htm’
‘html/examples/ExpandReaction-example.nb.zip’ -> ‘temporary-directory/temp/html/examples/ExpandReaction-example.nb.zip’
‘html/examples/ExpandReaction-example.nb.zip/ExpandReaction-example.nb’ -> ‘temporary-directory/temp/html/examples/ExpandReaction-example.nb.zip/ExpandReaction-example.nb’
‘html/examples/SSADotPlot-example.nb’ -> ‘temporary-directory/temp/html/examples/SSADotPlot-example.nb’
‘html/examples/SSADotPlot-example.htm’ -> ‘temporary-directory/temp/html/examples/SSADotPlot-example.htm’
‘html/examples/ExpandReaction-example.nb’ -> ‘temporary-directory/temp/html/examples/ExpandReaction-example.nb’
‘html/examples/SSAPlot-example.nb’ -> ‘temporary-directory/temp/html/examples/SSAPlot-example.nb’
‘html/examples/SSAtoXLR8R-example.nb’ -> ‘temporary-directory/temp/html/examples/SSAtoXLR8R-example.nb’
‘html/examples/SSA-example.htm’ -> ‘temporary-directory/temp/html/examples/SSA-example.htm’
‘html/examples/PlotStats-example.htm’ -> ‘temporary-directory/temp/html/examples/PlotStats-example.htm’
‘html/examples/SSAFit-example.nb’ -> ‘temporary-directory/temp/html/examples/SSAFit-example.nb’
‘html/examples/ExpandReactions-example.htm’ -> ‘temporary-directory/temp/html/examples/ExpandReactions-example.htm’
‘html/examples/.directory’ -> ‘temporary-directory/temp/html/examples/.directory’
‘html/examples/ExpandReaction-example.htm’ -> ‘temporary-directory/temp/html/examples/ExpandReaction-example.htm’
‘html/examples/SSALinePlot-example.nb.zip’ -> ‘temporary-directory/temp/html/examples/SSALinePlot-example.nb.zip’
‘html/examples/SSALinePlot-example.nb.zip/SSALinePlot-example.nb’ -> ‘temporary-directory/temp/html/examples/SSALinePlot-example.nb.zip/SSALinePlot-example.nb’
‘html/examples/SSAPlot-example.htm’ -> ‘temporary-directory/temp/html/examples/SSAPlot-example.htm’
‘html/examples/Examples.htm’ -> ‘temporary-directory/temp/html/examples/Examples.htm’
‘html/examples/ExpandReactions-example.nb’ -> ‘temporary-directory/temp/html/examples/ExpandReactions-example.nb’
‘html/examples/HTMLLinks’ -> ‘temporary-directory/temp/html/examples/HTMLLinks’
‘html/examples/SSA-example.nb.zip’ -> ‘temporary-directory/temp/html/examples/SSA-example.nb.zip’
‘html/examples/SSA-example.nb.zip/SSA-example.nb’ -> ‘temporary-directory/temp/html/examples/SSA-example.nb.zip/SSA-example.nb’
‘html/examples/SSAMean-example.htm’ -> ‘temporary-directory/temp/html/examples/SSAMean-example.htm’
‘html/examples/SSAFit-example.nb.zip’ -> ‘temporary-directory/temp/html/examples/SSAFit-example.nb.zip’
‘html/examples/SSAFit-example.nb.zip/SSAFit-example.nb’ -> ‘temporary-directory/temp/html/examples/SSAFit-example.nb.zip/SSAFit-example.nb’
‘html/examples/PlotStats-example.nb’ -> ‘temporary-directory/temp/html/examples/PlotStats-example.nb’
‘html/examples/XLR8RtoSSA-example.htm’ -> ‘temporary-directory/temp/html/examples/XLR8RtoSSA-example.htm’
‘html/SSAGet.html’ -> ‘temporary-directory/temp/html/SSAGet.html’
‘html/SSAFit.html’ -> ‘temporary-directory/temp/html/SSAFit.html’
‘html/ExpandReactions.html’ -> ‘temporary-directory/temp/html/ExpandReactions.html’
‘html/main.css’ -> ‘temporary-directory/temp/html/main.css’
‘html/ExpandReaction.html’ -> ‘temporary-directory/temp/html/ExpandReaction.html’
‘html/logo.jpg’ -> ‘temporary-directory/temp/html/logo.jpg’
‘html/SSAtoXLR8R.html’ -> ‘temporary-directory/temp/html/SSAtoXLR8R.html’
‘html/SSALinePlot.html’ -> ‘temporary-directory/temp/html/SSALinePlot.html’
‘html/XLR8RtoSSA.html’ -> ‘temporary-directory/temp/html/XLR8RtoSSA.html’
‘html/PlotStats.html’ -> ‘temporary-directory/temp/html/PlotStats.html’
‘html/Installation.html’ -> ‘temporary-directory/temp/html/Installation.html’
‘html/index.html’ -> ‘temporary-directory/temp/html/index.html’
‘html/ssa.html’ -> ‘temporary-directory/temp/html/ssa.html’
‘html/template.html’ -> ‘temporary-directory/temp/html/template.html’
‘html/.directory’ -> ‘temporary-directory/temp/html/.directory’
‘html/SSADotPlot.html’ -> ‘temporary-directory/temp/html/SSADotPlot.html’
‘html/SSAPalette.html’ -> ‘temporary-directory/temp/html/SSAPalette.html’
‘html/Examples.html’ -> ‘temporary-directory/temp/html/Examples.html’
‘html/pix’ -> ‘temporary-directory/temp/html/pix’
‘html/pix/SSApicture.png’ -> ‘temporary-directory/temp/html/pix/SSApicture.png’
‘html/pix/Palette-Template.png’ -> ‘temporary-directory/temp/html/pix/Palette-Template.png’
‘html/pix/palette.png’ -> ‘temporary-directory/temp/html/pix/palette.png’
‘html/pix/Palette-Scroll.png’ -> ‘temporary-directory/temp/html/pix/Palette-Scroll.png’
‘html/SSAPlot.html’ -> ‘temporary-directory/temp/html/SSAPlot.html’
‘html/SSASave.html’ -> ‘temporary-directory/temp/html/SSASave.html’
‘html/SSAPhasePlot.html’ -> ‘temporary-directory/temp/html/SSAPhasePlot.html’
‘html/SSAMean.html’ -> ‘temporary-directory/temp/html/SSAMean.html’
‘html/FAQS.html’ -> ‘temporary-directory/temp/html/FAQS.html’
‘html/examples/XLR8RtoSSA-example.nb’ -> ‘temporary-directory/temp/html/examples/XLR8RtoSSA-example.nb’
‘html/examples/SSAPlot-example.nb.zip/SSAPlot-example.nb’ -> ‘temporary-directory/temp/html/examples/SSAPlot-example.nb.zip/SSAPlot-example.nb’
‘html/examples/SSAMean-example.nb.zip/SSAMean-example.nb’ -> ‘temporary-directory/temp/html/examples/SSAMean-example.nb.zip/SSAMean-example.nb’
‘html/examples/SSALinePlot-example.nb’ -> ‘temporary-directory/temp/html/examples/SSALinePlot-example.nb’
‘html/examples/SSAtoXLR8R-example.htm’ -> ‘temporary-directory/temp/html/examples/SSAtoXLR8R-example.htm’
‘html/examples/ExpandReactions-example.nb.zip/ExpandReactions-example.nb’ -> ‘temporary-directory/temp/html/examples/ExpandReactions-example.nb.zip/ExpandReactions-example.nb’
‘html/examples/Examples.nb.zip/Examples.nb’ -> ‘temporary-directory/temp/html/examples/Examples.nb.zip/Examples.nb’
‘html/examples/SSAMean-example.nb’ -> ‘temporary-directory/temp/html/examples/SSAMean-example.nb’
‘html/examples/PlotStats-example.nb.zip/PlotStats-example.nb’ -> ‘temporary-directory/temp/html/examples/PlotStats-example.nb.zip/PlotStats-example.nb’
‘html/examples/HTMLFiles/SSA-example_12.gif’ -> ‘temporary-directory/temp/html/examples/HTMLFiles/SSA-example_12.gif’
‘html/examples/HTMLFiles/UmbralHillFunction-example_3.gif’ -> ‘temporary-directory/temp/html/examples/HTMLFiles/UmbralHillFunction-example_3.gif’
‘html/examples/HTMLFiles/SSAPlot-example_6.gif’ -> ‘temporary-directory/temp/html/examples/HTMLFiles/SSAPlot-example_6.gif’
‘html/examples/HTMLFiles/SSAMean-example_6.gif’ -> ‘temporary-directory/temp/html/examples/HTMLFiles/SSAMean-example_6.gif’
‘html/examples/HTMLFiles/sHill-example_8.gif’ -> ‘temporary-directory/temp/html/examples/HTMLFiles/sHill-example_8.gif’
‘html/examples/HTMLFiles/sMWC-example_2.gif’ -> ‘temporary-directory/temp/html/examples/HTMLFiles/sMWC-example_2.gif’
‘html/examples/HTMLFiles/SSAMean-example_8.gif’ -> ‘temporary-directory/temp/html/examples/HTMLFiles/SSAMean-example_8.gif’
‘html/examples/HTMLFiles/SSAtoXLR8R-example_12.gif’ -> ‘temporary-directory/temp/html/examples/HTMLFiles/SSAtoXLR8R-example_12.gif’
‘html/examples/HTMLFiles/XLR8RtoSSA-example_2.gif’ -> ‘temporary-directory/temp/html/examples/HTMLFiles/XLR8RtoSSA-example_2.gif’
‘html/examples/HTMLFiles/sMWC-example_5.gif’ -> ‘temporary-directory/temp/html/examples/HTMLFiles/sMWC-example_5.gif’
‘html/examples/HTMLFiles/SSAPlot-example_5.gif’ -> ‘temporary-directory/temp/html/examples/HTMLFiles/SSAPlot-example_5.gif’
‘html/examples/HTMLFiles/SSADotPlot-example_1.gif’ -> ‘temporary-directory/temp/html/examples/HTMLFiles/SSADotPlot-example_1.gif’
‘html/examples/HTMLFiles/Examples_25.gif’ -> ‘temporary-directory/temp/html/examples/HTMLFiles/Examples_25.gif’
‘html/examples/HTMLFiles/sMWC-example_4.gif’ -> ‘temporary-directory/temp/html/examples/HTMLFiles/sMWC-example_4.gif’
‘html/examples/HTMLFiles/SSA-example_5.gif’ -> ‘temporary-directory/temp/html/examples/HTMLFiles/SSA-example_5.gif’
‘html/examples/HTMLFiles/Examples_44.gif’ -> ‘temporary-directory/temp/html/examples/HTMLFiles/Examples_44.gif’
‘html/examples/HTMLFiles/LogisticFunction-example_6.gif’ -> ‘temporary-directory/temp/html/examples/HTMLFiles/LogisticFunction-example_6.gif’
‘html/examples/HTMLFiles/Examples_9.gif’ -> ‘temporary-directory/temp/html/examples/HTMLFiles/Examples_9.gif’
‘html/examples/HTMLFiles/MWCFunction-example_1.gif’ -> ‘temporary-directory/temp/html/examples/HTMLFiles/MWCFunction-example_1.gif’
‘html/examples/HTMLFiles/SSA-example_7.gif’ -> ‘temporary-directory/temp/html/examples/HTMLFiles/SSA-example_7.gif’
‘html/examples/HTMLFiles/Examples_16.gif’ -> ‘temporary-directory/temp/html/examples/HTMLFiles/Examples_16.gif’
‘html/examples/HTMLFiles/SSAFit-example_1.gif’ -> ‘temporary-directory/temp/html/examples/HTMLFiles/SSAFit-example_1.gif’
‘html/examples/HTMLFiles/UmbralLogisticFunction-example_9.gif’ -> ‘temporary-directory/temp/html/examples/HTMLFiles/UmbralLogisticFunction-example_9.gif’
‘html/examples/HTMLFiles/SSADotPlot-example_4.gif’ -> ‘temporary-directory/temp/html/examples/HTMLFiles/SSADotPlot-example_4.gif’
‘html/examples/HTMLFiles/SSAPlot-example_1.gif’ -> ‘temporary-directory/temp/html/examples/HTMLFiles/SSAPlot-example_1.gif’
‘html/examples/HTMLFiles/SSAPlot-example.css’ -> ‘temporary-directory/temp/html/examples/HTMLFiles/SSAPlot-example.css’
‘html/examples/HTMLFiles/SSAGet-example_20.gif’ -> ‘temporary-directory/temp/html/examples/HTMLFiles/SSAGet-example_20.gif’
‘html/examples/HTMLFiles/SSA-example_13.gif’ -> ‘temporary-directory/temp/html/examples/HTMLFiles/SSA-example_13.gif’
‘html/examples/HTMLFiles/UmbralLogisticFunction-example_3.gif’ -> ‘temporary-directory/temp/html/examples/HTMLFiles/UmbralLogisticFunction-example_3.gif’
‘html/examples/HTMLFiles/SSAMean-example_9.gif’ -> ‘temporary-directory/temp/html/examples/HTMLFiles/SSAMean-example_9.gif’
‘html/examples/HTMLFiles/SSAFit-example_3.gif’ -> ‘temporary-directory/temp/html/examples/HTMLFiles/SSAFit-example_3.gif’
‘html/examples/HTMLFiles/sMMH-example_5.gif’ -> ‘temporary-directory/temp/html/examples/HTMLFiles/sMMH-example_5.gif’
‘html/examples/HTMLFiles/SSA-example_16.gif’ -> ‘temporary-directory/temp/html/examples/HTMLFiles/SSA-example_16.gif’
‘html/examples/HTMLFiles/Examples_15.gif’ -> ‘temporary-directory/temp/html/examples/HTMLFiles/Examples_15.gif’
‘html/examples/HTMLFiles/SSA-example_20.gif’ -> ‘temporary-directory/temp/html/examples/HTMLFiles/SSA-example_20.gif’
‘html/examples/HTMLFiles/SSAGet-example_12.gif’ -> ‘temporary-directory/temp/html/examples/HTMLFiles/SSAGet-example_12.gif’
‘html/examples/HTMLFiles/UmbralHillFunction-example_8.gif’ -> ‘temporary-directory/temp/html/examples/HTMLFiles/UmbralHillFunction-example_8.gif’
‘html/examples/HTMLFiles/Examples_50.gif’ -> ‘temporary-directory/temp/html/examples/HTMLFiles/Examples_50.gif’
‘html/examples/HTMLFiles/PlotStats-example_6.gif’ -> ‘temporary-directory/temp/html/examples/HTMLFiles/PlotStats-example_6.gif’
‘html/examples/HTMLFiles/ExpandReactions-example_3.gif’ -> ‘temporary-directory/temp/html/examples/HTMLFiles/ExpandReactions-example_3.gif’
‘html/examples/HTMLFiles/Examples_53.gif’ -> ‘temporary-directory/temp/html/examples/HTMLFiles/Examples_53.gif’
‘html/examples/HTMLFiles/SSAMean-example_1.gif’ -> ‘temporary-directory/temp/html/examples/HTMLFiles/SSAMean-example_1.gif’
‘html/examples/HTMLFiles/Examples_47.gif’ -> ‘temporary-directory/temp/html/examples/HTMLFiles/Examples_47.gif’
‘html/examples/HTMLFiles/SSAtoXLR8R-example_4.gif’ -> ‘temporary-directory/temp/html/examples/HTMLFiles/SSAtoXLR8R-example_4.gif’
‘html/examples/HTMLFiles/Examples_39.gif’ -> ‘temporary-directory/temp/html/examples/HTMLFiles/Examples_39.gif’
‘html/examples/HTMLFiles/Examples_32.gif’ -> ‘temporary-directory/temp/html/examples/HTMLFiles/Examples_32.gif’
‘html/examples/HTMLFiles/Examples_2.gif’ -> ‘temporary-directory/temp/html/examples/HTMLFiles/Examples_2.gif’
‘html/examples/HTMLFiles/SSAGet-example_4.gif’ -> ‘temporary-directory/temp/html/examples/HTMLFiles/SSAGet-example_4.gif’
‘html/examples/HTMLFiles/sMWC-example_1.gif’ -> ‘temporary-directory/temp/html/examples/HTMLFiles/sMWC-example_1.gif’
‘html/examples/HTMLFiles/Examples_17.gif’ -> ‘temporary-directory/temp/html/examples/HTMLFiles/Examples_17.gif’
‘html/examples/HTMLFiles/UmbralLogisticFunction-example_10.gif’ -> ‘temporary-directory/temp/html/examples/HTMLFiles/UmbralLogisticFunction-example_10.gif’
‘html/examples/HTMLFiles/SSADotPlot-example_2.gif’ -> ‘temporary-directory/temp/html/examples/HTMLFiles/SSADotPlot-example_2.gif’
‘html/examples/HTMLFiles/SSADotPlot-example_6.gif’ -> ‘temporary-directory/temp/html/examples/HTMLFiles/SSADotPlot-example_6.gif’
‘html/examples/HTMLFiles/Default.css’ -> ‘temporary-directory/temp/html/examples/HTMLFiles/Default.css’
‘html/examples/HTMLFiles/Examples_41.gif’ -> ‘temporary-directory/temp/html/examples/HTMLFiles/Examples_41.gif’
‘html/examples/HTMLFiles/MWCFunction-example_5.gif’ -> ‘temporary-directory/temp/html/examples/HTMLFiles/MWCFunction-example_5.gif’
‘html/examples/HTMLFiles/SSADotPlot-example.css’ -> ‘temporary-directory/temp/html/examples/HTMLFiles/SSADotPlot-example.css’
‘html/examples/HTMLFiles/SSA-example_10.gif’ -> ‘temporary-directory/temp/html/examples/HTMLFiles/SSA-example_10.gif’
‘html/examples/HTMLFiles/Examples_29.gif’ -> ‘temporary-directory/temp/html/examples/HTMLFiles/Examples_29.gif’
‘html/examples/HTMLFiles/Examples_10.gif’ -> ‘temporary-directory/temp/html/examples/HTMLFiles/Examples_10.gif’
‘html/examples/HTMLFiles/UmbralHillFunction-example_15.gif’ -> ‘temporary-directory/temp/html/examples/HTMLFiles/UmbralHillFunction-example_15.gif’
‘html/examples/HTMLFiles/sGRN-example_1.gif’ -> ‘temporary-directory/temp/html/examples/HTMLFiles/sGRN-example_1.gif’
‘html/examples/HTMLFiles/Examples_8.gif’ -> ‘temporary-directory/temp/html/examples/HTMLFiles/Examples_8.gif’
‘html/examples/HTMLFiles/sMMH-example_3.gif’ -> ‘temporary-directory/temp/html/examples/HTMLFiles/sMMH-example_3.gif’
‘html/examples/HTMLFiles/SSAtoXLR8R-example_8.gif’ -> ‘temporary-directory/temp/html/examples/HTMLFiles/SSAtoXLR8R-example_8.gif’
‘html/examples/HTMLFiles/Examples_30.gif’ -> ‘temporary-directory/temp/html/examples/HTMLFiles/Examples_30.gif’
‘html/examples/HTMLFiles/Examples_42.gif’ -> ‘temporary-directory/temp/html/examples/HTMLFiles/Examples_42.gif’
‘html/examples/HTMLFiles/SSAMean-example_2.gif’ -> ‘temporary-directory/temp/html/examples/HTMLFiles/SSAMean-example_2.gif’
‘html/examples/HTMLFiles/Examples_22.gif’ -> ‘temporary-directory/temp/html/examples/HTMLFiles/Examples_22.gif’
‘html/examples/HTMLFiles/SSAFit-example_10.gif’ -> ‘temporary-directory/temp/html/examples/HTMLFiles/SSAFit-example_10.gif’
‘html/examples/HTMLFiles/SSAGet-example_11.gif’ -> ‘temporary-directory/temp/html/examples/HTMLFiles/SSAGet-example_11.gif’
‘html/examples/HTMLFiles/SSAFit-example_9.gif’ -> ‘temporary-directory/temp/html/examples/HTMLFiles/SSAFit-example_9.gif’
‘html/examples/HTMLFiles/PlotStats-example_5.gif’ -> ‘temporary-directory/temp/html/examples/HTMLFiles/PlotStats-example_5.gif’
‘html/examples/HTMLFiles/UmbralHillFunction-example_10.gif’ -> ‘temporary-directory/temp/html/examples/HTMLFiles/UmbralHillFunction-example_10.gif’
‘html/examples/HTMLFiles/XLR8RtoSSA-example_3.gif’ -> ‘temporary-directory/temp/html/examples/HTMLFiles/XLR8RtoSSA-example_3.gif’
‘html/examples/HTMLFiles/SSA-example_9.gif’ -> ‘temporary-directory/temp/html/examples/HTMLFiles/SSA-example_9.gif’
‘html/examples/HTMLFiles/SSAGet-example_13.gif’ -> ‘temporary-directory/temp/html/examples/HTMLFiles/SSAGet-example_13.gif’
‘html/examples/HTMLFiles/UmbralHillFunction-example_12.gif’ -> ‘temporary-directory/temp/html/examples/HTMLFiles/UmbralHillFunction-example_12.gif’
‘html/examples/HTMLFiles/sGRN-example_5.gif’ -> ‘temporary-directory/temp/html/examples/HTMLFiles/sGRN-example_5.gif’
‘html/examples/HTMLFiles/UmbralHillFunction-example_5.gif’ -> ‘temporary-directory/temp/html/examples/HTMLFiles/UmbralHillFunction-example_5.gif’
‘html/examples/HTMLFiles/ExpandReaction-example_1.gif’ -> ‘temporary-directory/temp/html/examples/HTMLFiles/ExpandReaction-example_1.gif’
‘html/examples/HTMLFiles/SSALinePlot-example.css’ -> ‘temporary-directory/temp/html/examples/HTMLFiles/SSALinePlot-example.css’
‘html/examples/HTMLFiles/LogisticFunction-example_3.gif’ -> ‘temporary-directory/temp/html/examples/HTMLFiles/LogisticFunction-example_3.gif’
‘html/examples/HTMLFiles/sHill-example_3.gif’ -> ‘temporary-directory/temp/html/examples/HTMLFiles/sHill-example_3.gif’
‘html/examples/HTMLFiles/XLR8RtoSSA-example_11.gif’ -> ‘temporary-directory/temp/html/examples/HTMLFiles/XLR8RtoSSA-example_11.gif’
‘html/examples/HTMLFiles/SSAPlot-example_4.gif’ -> ‘temporary-directory/temp/html/examples/HTMLFiles/SSAPlot-example_4.gif’
‘html/examples/HTMLFiles/SSAGet-example_2.gif’ -> ‘temporary-directory/temp/html/examples/HTMLFiles/SSAGet-example_2.gif’
‘html/examples/HTMLFiles/UmbralHillFunction-example_9.gif’ -> ‘temporary-directory/temp/html/examples/HTMLFiles/UmbralHillFunction-example_9.gif’
‘html/examples/HTMLFiles/sMWC-example_7.gif’ -> ‘temporary-directory/temp/html/examples/HTMLFiles/sMWC-example_7.gif’
‘html/examples/HTMLFiles/ExpandReaction-example_8.gif’ -> ‘temporary-directory/temp/html/examples/HTMLFiles/ExpandReaction-example_8.gif’
‘html/examples/HTMLFiles/SSA-example_24.gif’ -> ‘temporary-directory/temp/html/examples/HTMLFiles/SSA-example_24.gif’
‘html/examples/HTMLFiles/Examples_1.gif’ -> ‘temporary-directory/temp/html/examples/HTMLFiles/Examples_1.gif’
‘html/examples/HTMLFiles/PlotStats-example_7.gif’ -> ‘temporary-directory/temp/html/examples/HTMLFiles/PlotStats-example_7.gif’
‘html/examples/HTMLFiles/SSAGet-example_6.gif’ -> ‘temporary-directory/temp/html/examples/HTMLFiles/SSAGet-example_6.gif’
‘html/examples/HTMLFiles/Examples_26.gif’ -> ‘temporary-directory/temp/html/examples/HTMLFiles/Examples_26.gif’
‘html/examples/HTMLFiles/SSAPhasePlot-example_4.gif’ -> ‘temporary-directory/temp/html/examples/HTMLFiles/SSAPhasePlot-example_4.gif’
‘html/examples/HTMLFiles/ExpandReaction-example.css’ -> ‘temporary-directory/temp/html/examples/HTMLFiles/ExpandReaction-example.css’
‘html/examples/HTMLFiles/SSA-example_8.gif’ -> ‘temporary-directory/temp/html/examples/HTMLFiles/SSA-example_8.gif’
‘html/examples/HTMLFiles/PlotStats-example_4.gif’ -> ‘temporary-directory/temp/html/examples/HTMLFiles/PlotStats-example_4.gif’
‘html/examples/HTMLFiles/ExpandReaction-example_2.gif’ -> ‘temporary-directory/temp/html/examples/HTMLFiles/ExpandReaction-example_2.gif’
‘html/examples/HTMLFiles/UmbralHillFunction-example_11.gif’ -> ‘temporary-directory/temp/html/examples/HTMLFiles/UmbralHillFunction-example_11.gif’
‘html/examples/HTMLFiles/UmbralHillFunction-example_1.gif’ -> ‘temporary-directory/temp/html/examples/HTMLFiles/UmbralHillFunction-example_1.gif’
‘html/examples/HTMLFiles/ExpandReactions-example_2.gif’ -> ‘temporary-directory/temp/html/examples/HTMLFiles/ExpandReactions-example_2.gif’
‘html/examples/HTMLFiles/Examples_36.gif’ -> ‘temporary-directory/temp/html/examples/HTMLFiles/Examples_36.gif’
‘html/examples/HTMLFiles/sHill-example_4.gif’ -> ‘temporary-directory/temp/html/examples/HTMLFiles/sHill-example_4.gif’
‘html/examples/HTMLFiles/SSAtoXLR8R-example_3.gif’ -> ‘temporary-directory/temp/html/examples/HTMLFiles/SSAtoXLR8R-example_3.gif’
‘html/examples/HTMLFiles/SSAGet-example_18.gif’ -> ‘temporary-directory/temp/html/examples/HTMLFiles/SSAGet-example_18.gif’
‘html/examples/HTMLFiles/Examples.css’ -> ‘temporary-directory/temp/html/examples/HTMLFiles/Examples.css’
‘html/examples/HTMLFiles/SSAGet-example_5.gif’ -> ‘temporary-directory/temp/html/examples/HTMLFiles/SSAGet-example_5.gif’
‘html/examples/HTMLFiles/SSAFit-example_7.gif’ -> ‘temporary-directory/temp/html/examples/HTMLFiles/SSAFit-example_7.gif’
‘html/examples/HTMLFiles/sHill-example_5.gif’ -> ‘temporary-directory/temp/html/examples/HTMLFiles/sHill-example_5.gif’
‘html/examples/HTMLFiles/Examples_12.gif’ -> ‘temporary-directory/temp/html/examples/HTMLFiles/Examples_12.gif’
‘html/examples/HTMLFiles/SSAtoXLR8R-example_7.gif’ -> ‘temporary-directory/temp/html/examples/HTMLFiles/SSAtoXLR8R-example_7.gif’
‘html/examples/HTMLFiles/Examples_24.gif’ -> ‘temporary-directory/temp/html/examples/HTMLFiles/Examples_24.gif’
‘html/examples/HTMLFiles/SSA-example_21.gif’ -> ‘temporary-directory/temp/html/examples/HTMLFiles/SSA-example_21.gif’
‘html/examples/HTMLFiles/Examples_13.gif’ -> ‘temporary-directory/temp/html/examples/HTMLFiles/Examples_13.gif’
‘html/examples/HTMLFiles/SSAtoXLR8R-example_13.gif’ -> ‘temporary-directory/temp/html/examples/HTMLFiles/SSAtoXLR8R-example_13.gif’
‘html/examples/HTMLFiles/SSALinePlot-example_3.gif’ -> ‘temporary-directory/temp/html/examples/HTMLFiles/SSALinePlot-example_3.gif’
‘html/examples/HTMLFiles/Examples_11.gif’ -> ‘temporary-directory/temp/html/examples/HTMLFiles/Examples_11.gif’
‘html/examples/HTMLFiles/SSAGet-example_1.gif’ -> ‘temporary-directory/temp/html/examples/HTMLFiles/SSAGet-example_1.gif’
‘html/examples/HTMLFiles/PlotStats-example_1.gif’ -> ‘temporary-directory/temp/html/examples/HTMLFiles/PlotStats-example_1.gif’
‘html/examples/HTMLFiles/SSAGet-example_17.gif’ -> ‘temporary-directory/temp/html/examples/HTMLFiles/SSAGet-example_17.gif’
‘html/examples/HTMLFiles/Examples_52.gif’ -> ‘temporary-directory/temp/html/examples/HTMLFiles/Examples_52.gif’
‘html/examples/HTMLFiles/SSAPlot-example_3.gif’ -> ‘temporary-directory/temp/html/examples/HTMLFiles/SSAPlot-example_3.gif’
‘html/examples/HTMLFiles/Examples_38.gif’ -> ‘temporary-directory/temp/html/examples/HTMLFiles/Examples_38.gif’
‘html/examples/HTMLFiles/SSA-example_25.gif’ -> ‘temporary-directory/temp/html/examples/HTMLFiles/SSA-example_25.gif’
‘html/examples/HTMLFiles/sGRN-example_6.gif’ -> ‘temporary-directory/temp/html/examples/HTMLFiles/sGRN-example_6.gif’
‘html/examples/HTMLFiles/SSAMean-example_5.gif’ -> ‘temporary-directory/temp/html/examples/HTMLFiles/SSAMean-example_5.gif’
‘html/examples/HTMLFiles/ExpandReaction-example_7.gif’ -> ‘temporary-directory/temp/html/examples/HTMLFiles/ExpandReaction-example_7.gif’
‘html/examples/HTMLFiles/SSA-example_23.gif’ -> ‘temporary-directory/temp/html/examples/HTMLFiles/SSA-example_23.gif’
‘html/examples/HTMLFiles/SSAtoXLR8R-example_11.gif’ -> ‘temporary-directory/temp/html/examples/HTMLFiles/SSAtoXLR8R-example_11.gif’
‘html/examples/HTMLFiles/SSAtoXLR8R-example_2.gif’ -> ‘temporary-directory/temp/html/examples/HTMLFiles/SSAtoXLR8R-example_2.gif’
‘html/examples/HTMLFiles/Examples_45.gif’ -> ‘temporary-directory/temp/html/examples/HTMLFiles/Examples_45.gif’
‘html/examples/HTMLFiles/SSA-example_15.gif’ -> ‘temporary-directory/temp/html/examples/HTMLFiles/SSA-example_15.gif’
‘html/examples/HTMLFiles/HillFunction-example_2.gif’ -> ‘temporary-directory/temp/html/examples/HTMLFiles/HillFunction-example_2.gif’
‘html/examples/HTMLFiles/SSALinePlot-example_2.gif’ -> ‘temporary-directory/temp/html/examples/HTMLFiles/SSALinePlot-example_2.gif’
‘html/examples/HTMLFiles/MWCFunction-example_3.gif’ -> ‘temporary-directory/temp/html/examples/HTMLFiles/MWCFunction-example_3.gif’
‘html/examples/HTMLFiles/UmbralHillFunction-example_16.gif’ -> ‘temporary-directory/temp/html/examples/HTMLFiles/UmbralHillFunction-example_16.gif’
‘html/examples/HTMLFiles/sMMH-example_2.gif’ -> ‘temporary-directory/temp/html/examples/HTMLFiles/sMMH-example_2.gif’
‘html/examples/HTMLFiles/SSAFit-example.css’ -> ‘temporary-directory/temp/html/examples/HTMLFiles/SSAFit-example.css’
‘html/examples/HTMLFiles/SSAGet-example_14.gif’ -> ‘temporary-directory/temp/html/examples/HTMLFiles/SSAGet-example_14.gif’
‘html/examples/HTMLFiles/sMWC-example_6.gif’ -> ‘temporary-directory/temp/html/examples/HTMLFiles/sMWC-example_6.gif’
‘html/examples/HTMLFiles/Examples_51.gif’ -> ‘temporary-directory/temp/html/examples/HTMLFiles/Examples_51.gif’
‘html/examples/HTMLFiles/SSAFit-example_6.gif’ -> ‘temporary-directory/temp/html/examples/HTMLFiles/SSAFit-example_6.gif’
‘html/examples/HTMLFiles/MWCFunction-example_6.gif’ -> ‘temporary-directory/temp/html/examples/HTMLFiles/MWCFunction-example_6.gif’
‘html/examples/HTMLFiles/SSA-example_22.gif’ -> ‘temporary-directory/temp/html/examples/HTMLFiles/SSA-example_22.gif’
‘html/examples/HTMLFiles/SSAPhasePlot-example_2.gif’ -> ‘temporary-directory/temp/html/examples/HTMLFiles/SSAPhasePlot-example_2.gif’
‘html/examples/HTMLFiles/SSAGet-example_16.gif’ -> ‘temporary-directory/temp/html/examples/HTMLFiles/SSAGet-example_16.gif’
‘html/examples/HTMLFiles/SSAPhasePlot-example_5.gif’ -> ‘temporary-directory/temp/html/examples/HTMLFiles/SSAPhasePlot-example_5.gif’
‘html/examples/HTMLFiles/SSAtoXLR8R-example_9.gif’ -> ‘temporary-directory/temp/html/examples/HTMLFiles/SSAtoXLR8R-example_9.gif’
‘html/examples/HTMLFiles/spikeyIcon.png’ -> ‘temporary-directory/temp/html/examples/HTMLFiles/spikeyIcon.png’
‘html/examples/HTMLFiles/Examples_43.gif’ -> ‘temporary-directory/temp/html/examples/HTMLFiles/Examples_43.gif’
‘html/examples/HTMLFiles/Examples_46.gif’ -> ‘temporary-directory/temp/html/examples/HTMLFiles/Examples_46.gif’
‘html/examples/HTMLFiles/SSAMean-example_4.gif’ -> ‘temporary-directory/temp/html/examples/HTMLFiles/SSAMean-example_4.gif’
‘html/examples/HTMLFiles/Examples_37.gif’ -> ‘temporary-directory/temp/html/examples/HTMLFiles/Examples_37.gif’
‘html/examples/HTMLFiles/ExpandReaction-example_5.gif’ -> ‘temporary-directory/temp/html/examples/HTMLFiles/ExpandReaction-example_5.gif’
‘html/examples/HTMLFiles/SSAFit-example_8.gif’ -> ‘temporary-directory/temp/html/examples/HTMLFiles/SSAFit-example_8.gif’
‘html/examples/HTMLFiles/SSADotPlot-example_5.gif’ -> ‘temporary-directory/temp/html/examples/HTMLFiles/SSADotPlot-example_5.gif’
‘html/examples/HTMLFiles/SSAMean-example_7.gif’ -> ‘temporary-directory/temp/html/examples/HTMLFiles/SSAMean-example_7.gif’
‘html/examples/HTMLFiles/SSAMean-example.css’ -> ‘temporary-directory/temp/html/examples/HTMLFiles/SSAMean-example.css’
‘html/examples/HTMLFiles/sHill-example_2.gif’ -> ‘temporary-directory/temp/html/examples/HTMLFiles/sHill-example_2.gif’
‘html/examples/HTMLFiles/ExpandReactions-example.css’ -> ‘temporary-directory/temp/html/examples/HTMLFiles/ExpandReactions-example.css’
‘html/examples/HTMLFiles/sGRN-example_2.gif’ -> ‘temporary-directory/temp/html/examples/HTMLFiles/sGRN-example_2.gif’
‘html/examples/HTMLFiles/Examples_40.gif’ -> ‘temporary-directory/temp/html/examples/HTMLFiles/Examples_40.gif’
‘html/examples/HTMLFiles/HillFunction-example_4.gif’ -> ‘temporary-directory/temp/html/examples/HTMLFiles/HillFunction-example_4.gif’
‘html/examples/HTMLFiles/sHill-example_7.gif’ -> ‘temporary-directory/temp/html/examples/HTMLFiles/sHill-example_7.gif’
‘html/examples/HTMLFiles/sHill-example_1.gif’ -> ‘temporary-directory/temp/html/examples/HTMLFiles/sHill-example_1.gif’
‘html/examples/HTMLFiles/UmbralLogisticFunction-example_5.gif’ -> ‘temporary-directory/temp/html/examples/HTMLFiles/UmbralLogisticFunction-example_5.gif’
‘html/examples/HTMLFiles/SSA-example_11.gif’ -> ‘temporary-directory/temp/html/examples/HTMLFiles/SSA-example_11.gif’
‘html/examples/HTMLFiles/LogisticFunction-example_5.gif’ -> ‘temporary-directory/temp/html/examples/HTMLFiles/LogisticFunction-example_5.gif’
‘html/examples/HTMLFiles/SSALinePlot-example_6.gif’ -> ‘temporary-directory/temp/html/examples/HTMLFiles/SSALinePlot-example_6.gif’
‘html/examples/HTMLFiles/Examples_21.gif’ -> ‘temporary-directory/temp/html/examples/HTMLFiles/Examples_21.gif’
‘html/examples/HTMLFiles/ExpandReaction-example_3.gif’ -> ‘temporary-directory/temp/html/examples/HTMLFiles/ExpandReaction-example_3.gif’
‘html/examples/HTMLFiles/Examples_19.gif’ -> ‘temporary-directory/temp/html/examples/HTMLFiles/Examples_19.gif’
‘html/examples/HTMLFiles/SSADotPlot-example_3.gif’ -> ‘temporary-directory/temp/html/examples/HTMLFiles/SSADotPlot-example_3.gif’
‘html/examples/HTMLFiles/UmbralLogisticFunction-example_1.gif’ -> ‘temporary-directory/temp/html/examples/HTMLFiles/UmbralLogisticFunction-example_1.gif’
‘html/examples/HTMLFiles/sMMH-example_1.gif’ -> ‘temporary-directory/temp/html/examples/HTMLFiles/sMMH-example_1.gif’
‘html/examples/HTMLFiles/SSALinePlot-example_5.gif’ -> ‘temporary-directory/temp/html/examples/HTMLFiles/SSALinePlot-example_5.gif’
‘html/examples/HTMLFiles/Examples_18.gif’ -> ‘temporary-directory/temp/html/examples/HTMLFiles/Examples_18.gif’
‘html/examples/HTMLFiles/Examples_27.gif’ -> ‘temporary-directory/temp/html/examples/HTMLFiles/Examples_27.gif’
‘html/examples/HTMLFiles/LogisticFunction-example_4.gif’ -> ‘temporary-directory/temp/html/examples/HTMLFiles/LogisticFunction-example_4.gif’
‘html/examples/HTMLFiles/sHill-example_6.gif’ -> ‘temporary-directory/temp/html/examples/HTMLFiles/sHill-example_6.gif’
‘html/examples/HTMLFiles/UmbralLogisticFunction-example_8.gif’ -> ‘temporary-directory/temp/html/examples/HTMLFiles/UmbralLogisticFunction-example_8.gif’
‘html/examples/HTMLFiles/SSA-example_4.gif’ -> ‘temporary-directory/temp/html/examples/HTMLFiles/SSA-example_4.gif’
‘html/examples/HTMLFiles/LogisticFunction-example_1.gif’ -> ‘temporary-directory/temp/html/examples/HTMLFiles/LogisticFunction-example_1.gif’
‘html/examples/HTMLFiles/SSA-example_14.gif’ -> ‘temporary-directory/temp/html/examples/HTMLFiles/SSA-example_14.gif’
‘html/examples/HTMLFiles/ExpandReactions-example_1.gif’ -> ‘temporary-directory/temp/html/examples/HTMLFiles/ExpandReactions-example_1.gif’
‘html/examples/HTMLFiles/SSALinePlot-example_4.gif’ -> ‘temporary-directory/temp/html/examples/HTMLFiles/SSALinePlot-example_4.gif’
‘html/examples/HTMLFiles/Examples_48.gif’ -> ‘temporary-directory/temp/html/examples/HTMLFiles/Examples_48.gif’
‘html/examples/HTMLFiles/PlotStats-example_3.gif’ -> ‘temporary-directory/temp/html/examples/HTMLFiles/PlotStats-example_3.gif’
‘html/examples/HTMLFiles/UmbralHillFunction-example_13.gif’ -> ‘temporary-directory/temp/html/examples/HTMLFiles/UmbralHillFunction-example_13.gif’
‘html/examples/HTMLFiles/ExpandReaction-example_4.gif’ -> ‘temporary-directory/temp/html/examples/HTMLFiles/ExpandReaction-example_4.gif’
‘html/examples/HTMLFiles/SSAGet-example_7.gif’ -> ‘temporary-directory/temp/html/examples/HTMLFiles/SSAGet-example_7.gif’
‘html/examples/HTMLFiles/XLR8RtoSSA-example_5.gif’ -> ‘temporary-directory/temp/html/examples/HTMLFiles/XLR8RtoSSA-example_5.gif’
‘html/examples/HTMLFiles/SSA-example_3.gif’ -> ‘temporary-directory/temp/html/examples/HTMLFiles/SSA-example_3.gif’
‘html/examples/HTMLFiles/SSAPhasePlot-example_1.gif’ -> ‘temporary-directory/temp/html/examples/HTMLFiles/SSAPhasePlot-example_1.gif’
‘html/examples/HTMLFiles/xhtml-math11-f.dtd’ -> ‘temporary-directory/temp/html/examples/HTMLFiles/xhtml-math11-f.dtd’
‘html/examples/HTMLFiles/SSA-example_17.gif’ -> ‘temporary-directory/temp/html/examples/HTMLFiles/SSA-example_17.gif’
‘html/examples/HTMLFiles/SSAMean-example_3.gif’ -> ‘temporary-directory/temp/html/examples/HTMLFiles/SSAMean-example_3.gif’
‘html/examples/HTMLFiles/sGRN-example_7.gif’ -> ‘temporary-directory/temp/html/examples/HTMLFiles/sGRN-example_7.gif’
‘html/examples/HTMLFiles/SSAGet-example_15.gif’ -> ‘temporary-directory/temp/html/examples/HTMLFiles/SSAGet-example_15.gif’
‘html/examples/HTMLFiles/Examples_14.gif’ -> ‘temporary-directory/temp/html/examples/HTMLFiles/Examples_14.gif’
‘html/examples/HTMLFiles/UmbralLogisticFunction-example_7.gif’ -> ‘temporary-directory/temp/html/examples/HTMLFiles/UmbralLogisticFunction-example_7.gif’
‘html/examples/HTMLFiles/SSAMean-example_10.gif’ -> ‘temporary-directory/temp/html/examples/HTMLFiles/SSAMean-example_10.gif’
‘html/examples/HTMLFiles/SSALinePlot-example_1.gif’ -> ‘temporary-directory/temp/html/examples/HTMLFiles/SSALinePlot-example_1.gif’
‘html/examples/HTMLFiles/PlotStats-example.css’ -> ‘temporary-directory/temp/html/examples/HTMLFiles/PlotStats-example.css’
‘html/examples/HTMLFiles/SSA-example_1.gif’ -> ‘temporary-directory/temp/html/examples/HTMLFiles/SSA-example_1.gif’
‘html/examples/HTMLFiles/Examples_6.gif’ -> ‘temporary-directory/temp/html/examples/HTMLFiles/Examples_6.gif’
‘html/examples/HTMLFiles/SSAFit-example_2.gif’ -> ‘temporary-directory/temp/html/examples/HTMLFiles/SSAFit-example_2.gif’
‘html/examples/HTMLFiles/Examples_33.gif’ -> ‘temporary-directory/temp/html/examples/HTMLFiles/Examples_33.gif’
‘html/examples/HTMLFiles/Examples_7.gif’ -> ‘temporary-directory/temp/html/examples/HTMLFiles/Examples_7.gif’
‘html/examples/HTMLFiles/ExpandReactions-example_4.gif’ -> ‘temporary-directory/temp/html/examples/HTMLFiles/ExpandReactions-example_4.gif’
‘html/examples/HTMLFiles/spikeyIcon.jpg’ -> ‘temporary-directory/temp/html/examples/HTMLFiles/spikeyIcon.jpg’
‘html/examples/HTMLFiles/Examples_49.gif’ -> ‘temporary-directory/temp/html/examples/HTMLFiles/Examples_49.gif’
‘html/examples/HTMLFiles/XLR8RtoSSA-example_1.gif’ -> ‘temporary-directory/temp/html/examples/HTMLFiles/XLR8RtoSSA-example_1.gif’
‘html/examples/HTMLFiles/HillFunction-example_1.gif’ -> ‘temporary-directory/temp/html/examples/HTMLFiles/HillFunction-example_1.gif’
‘html/examples/HTMLFiles/SSAGet-example_3.gif’ -> ‘temporary-directory/temp/html/examples/HTMLFiles/SSAGet-example_3.gif’
‘html/examples/HTMLFiles/SSAGet-example_19.gif’ -> ‘temporary-directory/temp/html/examples/HTMLFiles/SSAGet-example_19.gif’
‘html/examples/HTMLFiles/XLR8RtoSSA-example_9.gif’ -> ‘temporary-directory/temp/html/examples/HTMLFiles/XLR8RtoSSA-example_9.gif’
‘html/examples/HTMLFiles/SSA-example_18.gif’ -> ‘temporary-directory/temp/html/examples/HTMLFiles/SSA-example_18.gif’
‘html/examples/HTMLFiles/Examples_55.gif’ -> ‘temporary-directory/temp/html/examples/HTMLFiles/Examples_55.gif’
‘html/examples/HTMLFiles/SSAPlot-example_2.gif’ -> ‘temporary-directory/temp/html/examples/HTMLFiles/SSAPlot-example_2.gif’
‘html/examples/HTMLFiles/PlotStats-example_2.gif’ -> ‘temporary-directory/temp/html/examples/HTMLFiles/PlotStats-example_2.gif’
‘html/examples/HTMLFiles/SSAFit-example_4.gif’ -> ‘temporary-directory/temp/html/examples/HTMLFiles/SSAFit-example_4.gif’
‘html/examples/HTMLFiles/UmbralHillFunction-example_14.gif’ -> ‘temporary-directory/temp/html/examples/HTMLFiles/UmbralHillFunction-example_14.gif’
‘html/examples/HTMLFiles/Examples_54.gif’ -> ‘temporary-directory/temp/html/examples/HTMLFiles/Examples_54.gif’
‘html/examples/HTMLFiles/SSAFit-example_5.gif’ -> ‘temporary-directory/temp/html/examples/HTMLFiles/SSAFit-example_5.gif’
‘html/examples/HTMLFiles/Examples_34.gif’ -> ‘temporary-directory/temp/html/examples/HTMLFiles/Examples_34.gif’
‘html/examples/HTMLFiles/SSA-example_6.gif’ -> ‘temporary-directory/temp/html/examples/HTMLFiles/SSA-example_6.gif’
‘html/examples/HTMLFiles/SSAtoXLR8R-example_6.gif’ -> ‘temporary-directory/temp/html/examples/HTMLFiles/SSAtoXLR8R-example_6.gif’
‘html/examples/HTMLFiles/Examples_4.gif’ -> ‘temporary-directory/temp/html/examples/HTMLFiles/Examples_4.gif’
‘html/examples/HTMLFiles/sMMH-example_4.gif’ -> ‘temporary-directory/temp/html/examples/HTMLFiles/sMMH-example_4.gif’
‘html/examples/HTMLFiles/SSAtoXLR8R-example_5.gif’ -> ‘temporary-directory/temp/html/examples/HTMLFiles/SSAtoXLR8R-example_5.gif’
‘html/examples/HTMLFiles/XLR8RtoSSA-example_8.gif’ -> ‘temporary-directory/temp/html/examples/HTMLFiles/XLR8RtoSSA-example_8.gif’
‘html/examples/HTMLFiles/XLR8RtoSSA-example_10.gif’ -> ‘temporary-directory/temp/html/examples/HTMLFiles/XLR8RtoSSA-example_10.gif’
‘html/examples/HTMLFiles/SSAtoXLR8R-example_10.gif’ -> ‘temporary-directory/temp/html/examples/HTMLFiles/SSAtoXLR8R-example_10.gif’
‘html/examples/HTMLFiles/Examples_5.gif’ -> ‘temporary-directory/temp/html/examples/HTMLFiles/Examples_5.gif’
‘html/examples/HTMLFiles/Examples_35.gif’ -> ‘temporary-directory/temp/html/examples/HTMLFiles/Examples_35.gif’
‘html/examples/HTMLFiles/sGRN-example_3.gif’ -> ‘temporary-directory/temp/html/examples/HTMLFiles/sGRN-example_3.gif’
‘html/examples/HTMLFiles/LogisticFunction-example_2.gif’ -> ‘temporary-directory/temp/html/examples/HTMLFiles/LogisticFunction-example_2.gif’
‘html/examples/HTMLFiles/ExpandReaction-example_6.gif’ -> ‘temporary-directory/temp/html/examples/HTMLFiles/ExpandReaction-example_6.gif’
‘html/examples/HTMLFiles/sGRN-example_4.gif’ -> ‘temporary-directory/temp/html/examples/HTMLFiles/sGRN-example_4.gif’
‘html/examples/HTMLFiles/SSA-example_2.gif’ -> ‘temporary-directory/temp/html/examples/HTMLFiles/SSA-example_2.gif’
‘html/examples/HTMLFiles/SSA-example_19.gif’ -> ‘temporary-directory/temp/html/examples/HTMLFiles/SSA-example_19.gif’
‘html/examples/HTMLFiles/UmbralLogisticFunction-example_6.gif’ -> ‘temporary-directory/temp/html/examples/HTMLFiles/UmbralLogisticFunction-example_6.gif’
‘html/examples/HTMLFiles/Examples_20.gif’ -> ‘temporary-directory/temp/html/examples/HTMLFiles/Examples_20.gif’
‘html/examples/HTMLFiles/UmbralLogisticFunction-example_4.gif’ -> ‘temporary-directory/temp/html/examples/HTMLFiles/UmbralLogisticFunction-example_4.gif’
‘html/examples/HTMLFiles/UmbralLogisticFunction-example_2.gif’ -> ‘temporary-directory/temp/html/examples/HTMLFiles/UmbralLogisticFunction-example_2.gif’
‘html/examples/HTMLFiles/Examples_23.gif’ -> ‘temporary-directory/temp/html/examples/HTMLFiles/Examples_23.gif’
‘html/examples/HTMLFiles/sMWC-example_3.gif’ -> ‘temporary-directory/temp/html/examples/HTMLFiles/sMWC-example_3.gif’
‘html/examples/HTMLFiles/MWCFunction-example_4.gif’ -> ‘temporary-directory/temp/html/examples/HTMLFiles/MWCFunction-example_4.gif’
‘html/examples/HTMLFiles/UmbralHillFunction-example_4.gif’ -> ‘temporary-directory/temp/html/examples/HTMLFiles/UmbralHillFunction-example_4.gif’
‘html/examples/HTMLFiles/XLR8RtoSSA-example_7.gif’ -> ‘temporary-directory/temp/html/examples/HTMLFiles/XLR8RtoSSA-example_7.gif’
‘html/examples/HTMLFiles/SSAPhasePlot-example_3.gif’ -> ‘temporary-directory/temp/html/examples/HTMLFiles/SSAPhasePlot-example_3.gif’
‘html/examples/HTMLFiles/Examples_28.gif’ -> ‘temporary-directory/temp/html/examples/HTMLFiles/Examples_28.gif’
‘html/examples/HTMLFiles/UmbralHillFunction-example_7.gif’ -> ‘temporary-directory/temp/html/examples/HTMLFiles/UmbralHillFunction-example_7.gif’
‘html/examples/HTMLFiles/XLR8RtoSSA-example_6.gif’ -> ‘temporary-directory/temp/html/examples/HTMLFiles/XLR8RtoSSA-example_6.gif’
‘html/examples/HTMLFiles/SSAGet-example_8.gif’ -> ‘temporary-directory/temp/html/examples/HTMLFiles/SSAGet-example_8.gif’
‘html/examples/HTMLFiles/Examples_3.gif’ -> ‘temporary-directory/temp/html/examples/HTMLFiles/Examples_3.gif’
‘html/examples/HTMLFiles/HillFunction-example_3.gif’ -> ‘temporary-directory/temp/html/examples/HTMLFiles/HillFunction-example_3.gif’
‘html/examples/HTMLFiles/UmbralHillFunction-example_2.gif’ -> ‘temporary-directory/temp/html/examples/HTMLFiles/UmbralHillFunction-example_2.gif’
‘html/examples/HTMLFiles/UmbralHillFunction-example_6.gif’ -> ‘temporary-directory/temp/html/examples/HTMLFiles/UmbralHillFunction-example_6.gif’
‘html/examples/HTMLFiles/SSAGet-example_9.gif’ -> ‘temporary-directory/temp/html/examples/HTMLFiles/SSAGet-example_9.gif’
‘html/examples/HTMLFiles/SSAGet-example_10.gif’ -> ‘temporary-directory/temp/html/examples/HTMLFiles/SSAGet-example_10.gif’
‘html/examples/HTMLFiles/XLR8RtoSSA-example_4.gif’ -> ‘temporary-directory/temp/html/examples/HTMLFiles/XLR8RtoSSA-example_4.gif’
‘html/examples/HTMLFiles/MWCFunction-example_2.gif’ -> ‘temporary-directory/temp/html/examples/HTMLFiles/MWCFunction-example_2.gif’
‘html/examples/HTMLFiles/SSAtoXLR8R-example_1.gif’ -> ‘temporary-directory/temp/html/examples/HTMLFiles/SSAtoXLR8R-example_1.gif’
‘html/examples/HTMLFiles/Examples_31.gif’ -> ‘temporary-directory/temp/html/examples/HTMLFiles/Examples_31.gif’
‘html/examples/SSALinePlot-example.htm’ -> ‘temporary-directory/temp/html/examples/SSALinePlot-example.htm’
‘html/examples/SSADotPlot-example.nb.zip/SSADotPlot-example.nb’ -> ‘temporary-directory/temp/html/examples/SSADotPlot-example.nb.zip/SSADotPlot-example.nb’
‘html/examples/SSA-example.nb’ -> ‘temporary-directory/temp/html/examples/SSA-example.nb’
‘html/examples/SSAFit-example.htm’ -> ‘temporary-directory/temp/html/examples/SSAFit-example.htm’
‘html/examples/ExpandReaction-example.nb.zip/ExpandReaction-example.nb’ -> ‘temporary-directory/temp/html/examples/ExpandReaction-example.nb.zip/ExpandReaction-example.nb’
‘html/examples/SSADotPlot-example.nb’ -> ‘temporary-directory/temp/html/examples/SSADotPlot-example.nb’
‘html/examples/SSADotPlot-example.htm’ -> ‘temporary-directory/temp/html/examples/SSADotPlot-example.htm’
‘html/examples/ExpandReaction-example.nb’ -> ‘temporary-directory/temp/html/examples/ExpandReaction-example.nb’
‘html/examples/SSAPlot-example.nb’ -> ‘temporary-directory/temp/html/examples/SSAPlot-example.nb’
‘html/examples/SSAtoXLR8R-example.nb’ -> ‘temporary-directory/temp/html/examples/SSAtoXLR8R-example.nb’
‘html/examples/SSA-example.htm’ -> ‘temporary-directory/temp/html/examples/SSA-example.htm’
‘html/examples/PlotStats-example.htm’ -> ‘temporary-directory/temp/html/examples/PlotStats-example.htm’
‘html/examples/SSAFit-example.nb’ -> ‘temporary-directory/temp/html/examples/SSAFit-example.nb’
‘html/examples/ExpandReactions-example.htm’ -> ‘temporary-directory/temp/html/examples/ExpandReactions-example.htm’
‘html/examples/.directory’ -> ‘temporary-directory/temp/html/examples/.directory’
‘html/examples/ExpandReaction-example.htm’ -> ‘temporary-directory/temp/html/examples/ExpandReaction-example.htm’
‘html/examples/SSALinePlot-example.nb.zip/SSALinePlot-example.nb’ -> ‘temporary-directory/temp/html/examples/SSALinePlot-example.nb.zip/SSALinePlot-example.nb’
‘html/examples/SSAPlot-example.htm’ -> ‘temporary-directory/temp/html/examples/SSAPlot-example.htm’
‘html/examples/Examples.htm’ -> ‘temporary-directory/temp/html/examples/Examples.htm’
‘html/examples/ExpandReactions-example.nb’ -> ‘temporary-directory/temp/html/examples/ExpandReactions-example.nb’
‘html/examples/SSA-example.nb.zip/SSA-example.nb’ -> ‘temporary-directory/temp/html/examples/SSA-example.nb.zip/SSA-example.nb’
‘html/examples/SSAMean-example.htm’ -> ‘temporary-directory/temp/html/examples/SSAMean-example.htm’
‘html/examples/SSAFit-example.nb.zip/SSAFit-example.nb’ -> ‘temporary-directory/temp/html/examples/SSAFit-example.nb.zip/SSAFit-example.nb’
‘html/examples/PlotStats-example.nb’ -> ‘temporary-directory/temp/html/examples/PlotStats-example.nb’
‘html/examples/XLR8RtoSSA-example.htm’ -> ‘temporary-directory/temp/html/examples/XLR8RtoSSA-example.htm’
‘html/SSAGet.html’ -> ‘temporary-directory/temp/html/SSAGet.html’
‘html/SSAFit.html’ -> ‘temporary-directory/temp/html/SSAFit.html’
‘html/ExpandReactions.html’ -> ‘temporary-directory/temp/html/ExpandReactions.html’
‘html/main.css’ -> ‘temporary-directory/temp/html/main.css’
‘html/ExpandReaction.html’ -> ‘temporary-directory/temp/html/ExpandReaction.html’
‘html/logo.jpg’ -> ‘temporary-directory/temp/html/logo.jpg’
‘html/SSAtoXLR8R.html’ -> ‘temporary-directory/temp/html/SSAtoXLR8R.html’
‘html/SSALinePlot.html’ -> ‘temporary-directory/temp/html/SSALinePlot.html’
‘html/XLR8RtoSSA.html’ -> ‘temporary-directory/temp/html/XLR8RtoSSA.html’
‘html/PlotStats.html’ -> ‘temporary-directory/temp/html/PlotStats.html’
‘html/Installation.html’ -> ‘temporary-directory/temp/html/Installation.html’
‘html/index.html’ -> ‘temporary-directory/temp/html/index.html’
‘html/ssa.html’ -> ‘temporary-directory/temp/html/ssa.html’
‘html/template.html’ -> ‘temporary-directory/temp/html/template.html’
‘html/.directory’ -> ‘temporary-directory/temp/html/.directory’
‘html/SSADotPlot.html’ -> ‘temporary-directory/temp/html/SSADotPlot.html’
‘html/SSAPalette.html’ -> ‘temporary-directory/temp/html/SSAPalette.html’
‘html/Examples.html’ -> ‘temporary-directory/temp/html/Examples.html’
‘html/pix/SSApicture.png’ -> ‘temporary-directory/temp/html/pix/SSApicture.png’
‘html/pix/Palette-Template.png’ -> ‘temporary-directory/temp/html/pix/Palette-Template.png’
‘html/pix/palette.png’ -> ‘temporary-directory/temp/html/pix/palette.png’
‘html/pix/Palette-Scroll.png’ -> ‘temporary-directory/temp/html/pix/Palette-Scroll.png’
‘html/SSAPlot.html’ -> ‘temporary-directory/temp/html/SSAPlot.html’
‘html/SSASave.html’ -> ‘temporary-directory/temp/html/SSASave.html’
‘html/SSAPhasePlot.html’ -> ‘temporary-directory/temp/html/SSAPhasePlot.html’
‘html/SSAMean.html’ -> ‘temporary-directory/temp/html/SSAMean.html’

creating archives ..
Zip File --> xSSAlite-1.3.2-05-Jan-2016-1419.zip ..
‘xSSAlite-1.3.2-05-Jan-2016-1419.zip’ -> ‘../xSSAlite-1.3.2-05-Jan-2016-1419.zip’
/home/mathman/code/cellerator/xSSAlite
