This is pdfTeXk, Version 3.141592-1.40.3 (Web2C 7.5.6) (format=pdflatex 2009.5.18)  19 JUN 2009 15:56
entering extended mode
 %&-line parsing enabled.
**CelleratorML-Description.tex
(./CelleratorML-Description.tex
LaTeX2e <2005/12/01>
Babel <v3.8h> and hyphenation patterns for english, usenglishmax, dumylang, noh
yphenation, arabic, farsi, croatian, ukrainian, russian, bulgarian, czech, slov
ak, danish, dutch, finnish, basque, french, german, ngerman, ibycus, greek, mon
ogreek, ancientgreek, hungarian, italian, latin, mongolian, norsk, icelandic, i
nterlingua, turkish, coptic, romanian, welsh, serbian, slovenian, estonian, esp
eranto, uppersorbian, indonesian, polish, portuguese, spanish, catalan, galicia
n, swedish, ukenglish, pinyin, loaded.
(/usr/share/texmf-texlive/tex/latex/base/article.cls
Document Class: article 2005/09/16 v1.4f Standard LaTeX document class
(/usr/share/texmf-texlive/tex/latex/base/size12.clo
File: size12.clo 2005/09/16 v1.4f Standard LaTeX file (size option)
)
\c@part=\count79
\c@section=\count80
\c@subsection=\count81
\c@subsubsection=\count82
\c@paragraph=\count83
\c@subparagraph=\count84
\c@figure=\count85
\c@table=\count86
\abovecaptionskip=\skip41
\belowcaptionskip=\skip42
\bibindent=\dimen102
)
(/usr/share/texmf-texlive/tex/latex/base/inputenc.sty
Package: inputenc 2006/05/05 v1.1b Input encoding file
\inpenc@prehook=\toks14
\inpenc@posthook=\toks15

(/usr/share/texmf-texlive/tex/latex/base/latin1.def
File: latin1.def 2006/05/05 v1.1b Input encoding file
))
(/usr/share/texmf-texlive/tex/latex/amsmath/amsmath.sty
Package: amsmath 2000/07/18 v2.13 AMS math features
\@mathmargin=\skip43

For additional information on amsmath, use the `?' option.
(/usr/share/texmf-texlive/tex/latex/amsmath/amstext.sty
Package: amstext 2000/06/29 v2.01

(/usr/share/texmf-texlive/tex/latex/amsmath/amsgen.sty
File: amsgen.sty 1999/11/30 v2.0
\@emptytoks=\toks16
\ex@=\dimen103
))
(/usr/share/texmf-texlive/tex/latex/amsmath/amsbsy.sty
Package: amsbsy 1999/11/29 v1.2d
\pmbraise@=\dimen104
)
(/usr/share/texmf-texlive/tex/latex/amsmath/amsopn.sty
Package: amsopn 1999/12/14 v2.01 operator names
)
\inf@bad=\count87
LaTeX Info: Redefining \frac on input line 211.
\uproot@=\count88
\leftroot@=\count89
LaTeX Info: Redefining \overline on input line 307.
\classnum@=\count90
\DOTSCASE@=\count91
LaTeX Info: Redefining \ldots on input line 379.
LaTeX Info: Redefining \dots on input line 382.
LaTeX Info: Redefining \cdots on input line 467.
\Mathstrutbox@=\box26
\strutbox@=\box27
\big@size=\dimen105
LaTeX Font Info:    Redeclaring font encoding OML on input line 567.
LaTeX Font Info:    Redeclaring font encoding OMS on input line 568.
\macc@depth=\count92
\c@MaxMatrixCols=\count93
\dotsspace@=\muskip10
\c@parentequation=\count94
\dspbrk@lvl=\count95
\tag@help=\toks17
\row@=\count96
\column@=\count97
\maxfields@=\count98
\andhelp@=\toks18
\eqnshift@=\dimen106
\alignsep@=\dimen107
\tagshift@=\dimen108
\tagwidth@=\dimen109
\totwidth@=\dimen110
\lineht@=\dimen111
\@envbody=\toks19
\multlinegap=\skip44
\multlinetaggap=\skip45
\mathdisplay@stack=\toks20
LaTeX Info: Redefining \[ on input line 2666.
LaTeX Info: Redefining \] on input line 2667.
)
(/usr/share/texmf-texlive/tex/latex/amsfonts/amsfonts.sty
Package: amsfonts 2001/10/25 v2.2f
\symAMSa=\mathgroup4
\symAMSb=\mathgroup5
LaTeX Font Info:    Overwriting math alphabet `\mathfrak' in version `bold'
(Font)                  U/euf/m/n --> U/euf/b/n on input line 132.
)
(/usr/share/texmf-texlive/tex/latex/amsfonts/amssymb.sty
Package: amssymb 2002/01/22 v2.2d
)
(/usr/share/texmf-texlive/tex/latex/graphics/graphicx.sty
Package: graphicx 1999/02/16 v1.0f Enhanced LaTeX Graphics (DPC,SPQR)

(/usr/share/texmf-texlive/tex/latex/graphics/keyval.sty
Package: keyval 1999/03/16 v1.13 key=value parser (DPC)
\KV@toks@=\toks21
)
(/usr/share/texmf-texlive/tex/latex/graphics/graphics.sty
Package: graphics 2006/02/20 v1.0o Standard LaTeX Graphics (DPC,SPQR)

(/usr/share/texmf-texlive/tex/latex/graphics/trig.sty
Package: trig 1999/03/16 v1.09 sin cos tan (DPC)
)
(/etc/texmf/tex/latex/config/graphics.cfg
File: graphics.cfg 2007/01/18 v1.5 graphics configuration of teTeX/TeXLive
)
Package graphics Info: Driver file: pdftex.def on input line 90.

(/usr/share/texmf-texlive/tex/latex/pdftex-def/pdftex.def
File: pdftex.def 2007/01/08 v0.04d Graphics/color for pdfTeX
\Gread@gobject=\count99
))
\Gin@req@height=\dimen112
\Gin@req@width=\dimen113
)
(./CelleratorML-Description.aux)
\openout1 = `CelleratorML-Description.aux'.

LaTeX Font Info:    Checking defaults for OML/cmm/m/it on input line 10.
LaTeX Font Info:    ... okay on input line 10.
LaTeX Font Info:    Checking defaults for T1/cmr/m/n on input line 10.
LaTeX Font Info:    ... okay on input line 10.
LaTeX Font Info:    Checking defaults for OT1/cmr/m/n on input line 10.
LaTeX Font Info:    ... okay on input line 10.
LaTeX Font Info:    Checking defaults for OMS/cmsy/m/n on input line 10.
LaTeX Font Info:    ... okay on input line 10.
LaTeX Font Info:    Checking defaults for OMX/cmex/m/n on input line 10.
LaTeX Font Info:    ... okay on input line 10.
LaTeX Font Info:    Checking defaults for U/cmr/m/n on input line 10.
LaTeX Font Info:    ... okay on input line 10.

(/usr/share/texmf/tex/context/base/supp-pdf.tex
[Loading MPS to PDF converter (version 2006.09.02).]
\scratchcounter=\count100
\scratchdimen=\dimen114
\scratchbox=\box28
\nofMPsegments=\count101
\nofMParguments=\count102
\everyMPshowfont=\toks22
\MPscratchCnt=\count103
\MPscratchDim=\dimen115
\MPnumerator=\count104
\everyMPtoPDFconversion=\toks23
)
LaTeX Font Info:    Try loading font information for U+msa on input line 12.
 (/usr/share/texmf-texlive/tex/latex/amsfonts/umsa.fd
File: umsa.fd 2002/01/19 v2.2g AMS font definitions
)
LaTeX Font Info:    Try loading font information for U+msb on input line 12.

(/usr/share/texmf-texlive/tex/latex/amsfonts/umsb.fd
File: umsb.fd 2002/01/19 v2.2g AMS font definitions
)
(./CelleratorML-Description.toc [1

{/var/lib/texmf/fonts/map/pdftex/updmap/pdftex.map}])
\tf@toc=\write3
\openout3 = `CelleratorML-Description.toc'.


Underfull \hbox (badness 10000) in paragraph at lines 18--19

 []


Underfull \hbox (badness 10000) in paragraph at lines 20--21

 []


Underfull \hbox (badness 10000) in paragraph at lines 22--23

 []


Underfull \hbox (badness 10000) in paragraph at lines 24--25

 []

[2] [3]
Underfull \hbox (badness 10000) in paragraph at lines 93--94

 []

[4]
Underfull \hbox (badness 10000) in paragraph at lines 95--96

 []


Underfull \hbox (badness 10000) in paragraph at lines 97--98

 []


Underfull \hbox (badness 10000) in paragraph at lines 99--100

 []


Underfull \hbox (badness 10000) in paragraph at lines 101--102

 []


Underfull \hbox (badness 10000) in paragraph at lines 103--104

 []


Underfull \hbox (badness 10000) in paragraph at lines 105--106

 []

[5]
Overfull \hbox (48.42522pt too wide) in paragraph at lines 124--124
[]   \OT1/cmtt/m/n/12 <Text>CelleratorML file for faucet repair, by Joe the Plu
mber</Text>[] 
 []

[6]
Underfull \hbox (badness 10000) in paragraph at lines 171--173

 []

[7]
Underfull \hbox (badness 10000) in paragraph at lines 206--207

 []


Underfull \hbox (badness 10000) in paragraph at lines 217--218

 []

[8]
Underfull \hbox (badness 10000) in paragraph at lines 234--235

 []


Overfull \hbox (5.05069pt too wide) in paragraph at lines 262--264
[]\OT1/cmr/m/n/12 The $\OML/cmm/m/it/12 <$\OT1/cmtt/m/n/12 ModelAnnotation$\OML
/cmm/m/it/12 >$ \OT1/cmr/m/n/12 has the same struc-ture as the $\OML/cmm/m/it/1
2 <$\OT1/cmtt/m/n/12 ModelAnnotation$\OML/cmm/m/it/12 >$
 []


Overfull \hbox (51.86543pt too wide) in paragraph at lines 262--264
\OT1/cmr/m/n/12 in Celler-a-torML as de-scribed in sec-tion 2.4[]. The ob-jects
 within the $\OML/cmm/m/it/12 <$\OT1/cmtt/m/n/12 CellzillaModel$\OML/cmm/m/it/1
2 >$
 []


Underfull \hbox (badness 10000) in paragraph at lines 262--264

 []


Overfull \hbox (7.25697pt too wide) in paragraph at lines 265--266
\OT1/cmtt/m/n/12 Cellzilla \OT1/cmr/m/n/12 and \OT1/cmtt/m/n/12 Cellzilla2D \OT
1/cmr/m/n/12 as Voronoi Cen-ters for the cells. If the $\OML/cmm/m/it/12 <$\OT1
/cmtt/m/n/12 Tissue$\OML/cmm/m/it/12 >$
 []

[9]
Underfull \hbox (badness 10000) in paragraph at lines 270--271

 []


Overfull \hbox (48.42522pt too wide) in paragraph at lines 279--279
[]   \OT1/cmtt/m/n/12 <CelleratorModel>http://my.website.com//myfile.xml</Celle
ratorModel>[] 
 []

[10] [11]
Underfull \hbox (badness 10000) in paragraph at lines 345--347

 []

[12]
Underfull \hbox (badness 10000) in paragraph at lines 373--374

 []


Underfull \hbox (badness 10000) in paragraph at lines 375--376

 []


Underfull \hbox (badness 10000) in paragraph at lines 377--378

 []


Underfull \hbox (badness 10000) in paragraph at lines 379--380

 []


Underfull \hbox (badness 10000) in paragraph at lines 381--382

 []

[13] [14]
Overfull \hbox (23.7252pt too wide) in paragraph at lines 529--529
[]\OT1/cmtt/m/n/12 <!-- Generated using Mathematica Version 6.0 for Linux x86 (
32-bit)[] 
 []

[15] [16] [17]
Overfull \hbox (23.7252pt too wide) in paragraph at lines 876--876
[]\OT1/cmtt/m/n/12 <!-- Generated using Mathematica Version 6.0 for Linux x86 (
32-bit)[] 
 []

[18] [19] [20] [21] [22] [23] [24] [25] [26] [27] [28] [29] [30]
LaTeX Font Info:    Try loading font information for OMS+cmr on input line 1082
.

(/usr/share/texmf-texlive/tex/latex/base/omscmr.fd
File: omscmr.fd 1999/05/25 v2.5h Standard LaTeX font definitions
)
LaTeX Font Info:    Font shape `OMS/cmr/m/n' in size <12> not available
(Font)              Font shape `OMS/cmsy/m/n' tried instead on input line 1082.

 [31]
<template.pdf, id=112, 301.125pt x 301.125pt>
File: template.pdf Graphic file (type pdf)
 <use template.pdf>
Overfull \hbox (23.7252pt too wide) in paragraph at lines 1286--1286
[]\OT1/cmtt/m/n/12 <!-- Generated using Mathematica Version 7.0 for Linux x86 (
32-bit)[] 
 []

[32 <./template.pdf>]
Overfull \hbox (11.3752pt too wide) in paragraph at lines 1286--1286
[] \OT1/cmtt/m/n/12 <CellzillaModel Name='Wuschel&#9141;Model&#9141;12&#9141;Ce
lls'>[] 
 []

[33] [34] [35] [36] [37] [38]
Overfull \hbox (64.99161pt too wide) in paragraph at lines 1328--1330
[]\OT1/cmtt/m/n/12 reactions\OT1/cmr/m/n/12 =$\OMS/cmsy/m/n/12 ff[]\OML/cmm/m/i
t/12 ; []\OT1/cmr/m/n/12 (\OML/cmm/m/it/12 K; v; K; v\OT1/cmr/m/n/12 )\OMS/cmsy
/m/n/12 g$\OT1/cmr/m/n/12 , $\OMS/cmsy/m/n/12 f[]\OML/cmm/m/it/12 ; []\OT1/cmr/
m/n/12 (\OML/cmm/m/it/12 K; v; K; v\OT1/cmr/m/n/12 )\OMS/cmsy/m/n/12 g$\OT1/cmr
/m/n/12 ,
 []

LaTeX Font Info:    Try loading font information for OMS+cmtt on input line 134
1.
LaTeX Font Info:    No file OMScmtt.fd. on input line 1341.

LaTeX Font Warning: Font shape `OMS/cmtt/m/n' undefined
(Font)              using `OMS/cmsy/m/n' instead
(Font)              for symbol `textbraceleft' on input line 1341.

<ring-oscillator.pdf, id=140, 501.875pt x 280.48288pt>
File: ring-oscillator.pdf Graphic file (type pdf)

<use ring-oscillator.pdf> [39] [40 <./ring-oscillator.pdf>]
Underfull \hbox (badness 10000) in paragraph at lines 1408--1410

 []

<ringsync.pdf, id=152, 301.125pt x 187.3128pt>
File: ringsync.pdf Graphic file (type pdf)
 <use ringsync.pdf>
Overfull \hbox (26.25189pt too wide) in paragraph at lines 1423--1424
[]\OT1/cmr/m/n/12 To save the Cel-lzilla model to a Cel-lzil-laML file \OT1/cmt
t/m/n/12 Multiple-Ring-Oscillators.xml
 []

[41 <./ringsync.pdf>]
Overfull \hbox (13.70895pt too wide) in paragraph at lines 1461--1462
\OT1/cmtt/m/n/12 ..\OMS/cmtt/m/n/12 g \OT1/cmr/m/n/12 whereas Cel-lzilla re-qui
res them in the form \OMS/cmtt/m/n/12 f\OT1/cmtt/m/n/12 X[1]-> value, X[2]->val
ue,
 []

[42]
Underfull \hbox (badness 10000) in paragraph at lines 1478--1479

 []


Underfull \hbox (badness 10000) in paragraph at lines 1491--1492

 []


Underfull \hbox (badness 10000) in paragraph at lines 1493--1494

 []


Overfull \hbox (79.30023pt too wide) in paragraph at lines 1502--1502
[] \OT1/cmtt/m/n/12 {model, list-of-reation-rates, list-of-initial-conditions, 
list-of-options}[] 
 []

[43]
Underfull \hbox (badness 10000) in paragraph at lines 1507--1508

 []


Underfull \hbox (badness 10000) in paragraph at lines 1509--1510

 []


Underfull \hbox (badness 10000) in paragraph at lines 1515--1518

 []


Overfull \hbox (2.97551pt too wide) in paragraph at lines 1519--1520
[]\OT1/cmtt/m/n/12 LatexForm[model, rules, ic] \OT1/cmr/m/n/12 au-to-mat-i-call
y gen-er-ates an out-put file name. 
 []


Underfull \hbox (badness 10000) in paragraph at lines 1519--1520

 []


Underfull \hbox (badness 10000) in paragraph at lines 1521--1523

 []


Underfull \hbox (badness 10000) in paragraph at lines 1524--1525

 []


Underfull \hbox (badness 10000) in paragraph at lines 1526--1527

 []


Underfull \hbox (badness 10000) in paragraph at lines 1528--1529

 []

[44]
Underfull \hbox (badness 10000) in paragraph at lines 1555--1556

 []


Underfull \hbox (badness 10000) in paragraph at lines 1564--1565

 []


Underfull \hbox (badness 10000) in paragraph at lines 1566--1567

 []


Underfull \hbox (badness 10000) in paragraph at lines 1568--1569

 []


Overfull \hbox (2.35292pt too wide) in paragraph at lines 1570--1577
\OT1/cmtt/m/n/12 "InitialConditions"$\OMS/cmtt/m/n/12 !$\OT1/cmr/m/n/12 Optiona
l list of ini-tial con-di-tions (equiv-a-lent to SME
 []


Underfull \hbox (badness 10000) in paragraph at lines 1570--1577

 []

[45] [46] (./CelleratorML-Description.aux)

LaTeX Font Warning: Some font shapes were not available, defaults substituted.

 ) 
Here is how much of TeX's memory you used:
 1865 strings out of 94074
 22430 string characters out of 1165153
 73343 words of memory out of 1500000
 5143 multiletter control sequences out of 10000+50000
 13226 words of font info for 52 fonts, out of 1200000 for 2000
 645 hyphenation exceptions out of 8191
 30i,13n,22p,801b,294s stack positions out of 5000i,500n,6000p,200000b,5000s
</usr/share/texmf-texlive/fonts/type1/bluesky/cm/cmbx12.pfb></usr/share/texmf
-texlive/fonts/type1/bluesky/cm/cmex10.pfb></usr/share/texmf-texlive/fonts/type
1/bluesky/cm/cmmi12.pfb></usr/share/texmf-texlive/fonts/type1/bluesky/cm/cmmi6.
pfb></usr/share/texmf-texlive/fonts/type1/bluesky/cm/cmmi8.pfb></usr/share/texm
f-texlive/fonts/type1/bluesky/cm/cmr10.pfb></usr/share/texmf-texlive/fonts/type
1/bluesky/cm/cmr12.pfb></usr/share/texmf-texlive/fonts/type1/bluesky/cm/cmr17.p
fb></usr/share/texmf-texlive/fonts/type1/bluesky/cm/cmr8.pfb></usr/share/texmf-
texlive/fonts/type1/bluesky/cm/cmsy10.pfb></usr/share/texmf-texlive/fonts/type1
/bluesky/cm/cmsy7.pfb></usr/share/texmf-texlive/fonts/type1/bluesky/cm/cmsy8.pf
b></usr/share/texmf-texlive/fonts/type1/bluesky/cm/cmtt12.pfb></usr/share/texmf
-texlive/fonts/type1/bluesky/ams/msam10.pfb>
Output written on CelleratorML-Description.pdf (46 pages, 248863 bytes).
PDF statistics:
 222 PDF objects out of 1000 (max. 8388607)
 0 named destinations out of 1000 (max. 131072)
 16 words of extra memory for PDF output out of 10000 (max. 10000000)

